mode: set
github.com/norman6464/devsync/backend/internal/handler/activity_report.go:16.88,18.2 1 0
github.com/norman6464/devsync/backend/internal/handler/activity_report.go:21.65,23.9 2 0
github.com/norman6464/devsync/backend/internal/handler/activity_report.go:23.9,25.3 1 0
github.com/norman6464/devsync/backend/internal/handler/activity_report.go:27.2,28.16 2 0
github.com/norman6464/devsync/backend/internal/handler/activity_report.go:28.16,31.3 2 0
github.com/norman6464/devsync/backend/internal/handler/activity_report.go:33.2,33.22 1 0
github.com/norman6464/devsync/backend/internal/handler/activity_report.go:37.66,39.9 2 0
github.com/norman6464/devsync/backend/internal/handler/activity_report.go:39.9,41.3 1 0
github.com/norman6464/devsync/backend/internal/handler/activity_report.go:43.2,44.16 2 0
github.com/norman6464/devsync/backend/internal/handler/activity_report.go:44.16,47.3 2 0
github.com/norman6464/devsync/backend/internal/handler/activity_report.go:49.2,49.22 1 0
github.com/norman6464/devsync/backend/internal/handler/activity_report.go:53.67,57.16 3 0
github.com/norman6464/devsync/backend/internal/handler/activity_report.go:57.16,60.3 2 0
github.com/norman6464/devsync/backend/internal/handler/activity_report.go:62.2,62.22 1 0
github.com/norman6464/devsync/backend/internal/handler/activity_report.go:66.68,70.16 3 0
github.com/norman6464/devsync/backend/internal/handler/activity_report.go:70.16,73.3 2 0
github.com/norman6464/devsync/backend/internal/handler/activity_report.go:75.2,75.22 1 0
github.com/norman6464/devsync/backend/internal/handler/activity_report.go:79.63,84.30 4 0
github.com/norman6464/devsync/backend/internal/handler/activity_report.go:84.30,86.3 1 0
github.com/norman6464/devsync/backend/internal/handler/activity_report.go:88.2,89.16 2 0
github.com/norman6464/devsync/backend/internal/handler/activity_report.go:89.16,92.3 2 0
github.com/norman6464/devsync/backend/internal/handler/activity_report.go:94.2,94.26 1 0
github.com/norman6464/devsync/backend/internal/handler/ai_advice.go:18.70,20.2 1 0
github.com/norman6464/devsync/backend/internal/handler/ai_advice.go:24.53,35.18 5 0
github.com/norman6464/devsync/backend/internal/handler/ai_advice.go:35.18,38.17 3 0
github.com/norman6464/devsync/backend/internal/handler/ai_advice.go:38.17,40.4 1 0
github.com/norman6464/devsync/backend/internal/handler/ai_advice.go:43.2,47.4 1 0
github.com/norman6464/devsync/backend/internal/handler/ai_advice.go:51.54,53.9 2 0
github.com/norman6464/devsync/backend/internal/handler/ai_advice.go:53.9,55.3 1 0
github.com/norman6464/devsync/backend/internal/handler/ai_advice.go:56.2,58.57 2 0
github.com/norman6464/devsync/backend/internal/handler/ai_advice.go:58.57,61.3 2 0
github.com/norman6464/devsync/backend/internal/handler/ai_advice.go:63.2,63.50 1 0
github.com/norman6464/devsync/backend/internal/handler/ai_advice.go:67.48,74.49 3 0
github.com/norman6464/devsync/backend/internal/handler/ai_advice.go:74.49,77.3 2 0
github.com/norman6464/devsync/backend/internal/handler/ai_advice.go:79.2,80.16 2 0
github.com/norman6464/devsync/backend/internal/handler/ai_advice.go:80.16,83.3 2 0
github.com/norman6464/devsync/backend/internal/handler/ai_advice.go:85.2,85.20 1 0
github.com/norman6464/devsync/backend/internal/handler/ai_advice.go:89.62,91.9 2 0
github.com/norman6464/devsync/backend/internal/handler/ai_advice.go:91.9,93.3 1 0
github.com/norman6464/devsync/backend/internal/handler/ai_advice.go:94.2,96.65 2 0
github.com/norman6464/devsync/backend/internal/handler/ai_advice.go:96.65,100.3 3 0
github.com/norman6464/devsync/backend/internal/handler/ai_advice.go:102.2,102.56 1 0
github.com/norman6464/devsync/backend/internal/handler/ai_advice.go:106.60,111.36 4 0
github.com/norman6464/devsync/backend/internal/handler/ai_advice.go:111.36,112.63 1 0
github.com/norman6464/devsync/backend/internal/handler/ai_advice.go:112.63,114.4 1 0
github.com/norman6464/devsync/backend/internal/handler/ai_advice.go:116.2,116.37 1 0
github.com/norman6464/devsync/backend/internal/handler/ai_advice.go:116.37,117.64 1 0
github.com/norman6464/devsync/backend/internal/handler/ai_advice.go:117.64,119.4 1 0
github.com/norman6464/devsync/backend/internal/handler/ai_advice.go:122.2,123.16 2 0
github.com/norman6464/devsync/backend/internal/handler/ai_advice.go:123.16,126.3 2 0
github.com/norman6464/devsync/backend/internal/handler/ai_advice.go:128.2,128.29 1 0
github.com/norman6464/devsync/backend/internal/handler/ai_advice.go:132.59,134.9 2 0
github.com/norman6464/devsync/backend/internal/handler/ai_advice.go:134.9,136.3 1 0
github.com/norman6464/devsync/backend/internal/handler/ai_advice.go:137.2,140.16 3 0
github.com/norman6464/devsync/backend/internal/handler/ai_advice.go:140.16,143.3 2 0
github.com/norman6464/devsync/backend/internal/handler/ai_advice.go:145.2,145.20 1 0
github.com/norman6464/devsync/backend/internal/handler/answer.go:16.64,18.2 1 0
github.com/norman6464/devsync/backend/internal/handler/answer.go:21.57,23.9 2 0
github.com/norman6464/devsync/backend/internal/handler/answer.go:23.9,25.3 1 0
github.com/norman6464/devsync/backend/internal/handler/answer.go:27.2,28.16 2 0
github.com/norman6464/devsync/backend/internal/handler/answer.go:28.16,31.3 2 0
github.com/norman6464/devsync/backend/internal/handler/answer.go:33.2,33.23 1 0
github.com/norman6464/devsync/backend/internal/handler/answer.go:47.48,50.9 3 0
github.com/norman6464/devsync/backend/internal/handler/answer.go:50.9,52.3 1 0
github.com/norman6464/devsync/backend/internal/handler/answer.go:54.2,55.16 2 0
github.com/norman6464/devsync/backend/internal/handler/answer.go:55.16,57.3 1 0
github.com/norman6464/devsync/backend/internal/handler/answer.go:59.2,65.49 2 0
github.com/norman6464/devsync/backend/internal/handler/answer.go:65.49,68.3 2 0
github.com/norman6464/devsync/backend/internal/handler/answer.go:70.2,70.27 1 0
github.com/norman6464/devsync/backend/internal/handler/answer.go:74.48,77.9 3 0
github.com/norman6464/devsync/backend/internal/handler/answer.go:77.9,79.3 1 0
github.com/norman6464/devsync/backend/internal/handler/answer.go:81.2,82.16 2 0
github.com/norman6464/devsync/backend/internal/handler/answer.go:82.16,84.3 1 0
github.com/norman6464/devsync/backend/internal/handler/answer.go:86.2,87.16 2 0
github.com/norman6464/devsync/backend/internal/handler/answer.go:87.16,90.3 2 0
github.com/norman6464/devsync/backend/internal/handler/answer.go:92.2,92.22 1 0
github.com/norman6464/devsync/backend/internal/handler/answer.go:96.48,99.9 3 0
github.com/norman6464/devsync/backend/internal/handler/answer.go:99.9,101.3 1 0
github.com/norman6464/devsync/backend/internal/handler/answer.go:103.2,103.59 1 0
github.com/norman6464/devsync/backend/internal/handler/answer.go:103.59,106.3 2 0
github.com/norman6464/devsync/backend/internal/handler/answer.go:108.2,108.19 1 0
github.com/norman6464/devsync/backend/internal/handler/answer.go:113.55,116.9 3 0
github.com/norman6464/devsync/backend/internal/handler/answer.go:116.9,118.3 1 0
github.com/norman6464/devsync/backend/internal/handler/answer.go:120.2,121.9 2 0
github.com/norman6464/devsync/backend/internal/handler/answer.go:121.9,123.3 1 0
github.com/norman6464/devsync/backend/internal/handler/answer.go:125.2,125.78 1 0
github.com/norman6464/devsync/backend/internal/handler/answer.go:125.78,128.3 2 0
github.com/norman6464/devsync/backend/internal/handler/answer.go:130.2,130.64 1 0
github.com/norman6464/devsync/backend/internal/handler/answer.go:134.46,137.9 3 0
github.com/norman6464/devsync/backend/internal/handler/answer.go:137.9,139.3 1 0
github.com/norman6464/devsync/backend/internal/handler/answer.go:141.2,142.16 2 0
github.com/norman6464/devsync/backend/internal/handler/answer.go:142.16,144.3 1 0
github.com/norman6464/devsync/backend/internal/handler/answer.go:146.2,146.68 1 0
github.com/norman6464/devsync/backend/internal/handler/answer.go:146.68,149.3 2 0
github.com/norman6464/devsync/backend/internal/handler/answer.go:151.2,151.54 1 0
github.com/norman6464/devsync/backend/internal/handler/answer.go:155.52,158.9 3 0
github.com/norman6464/devsync/backend/internal/handler/answer.go:158.9,160.3 1 0
github.com/norman6464/devsync/backend/internal/handler/answer.go:162.2,162.63 1 0
github.com/norman6464/devsync/backend/internal/handler/answer.go:162.63,165.3 2 0
github.com/norman6464/devsync/backend/internal/handler/answer.go:167.2,167.61 1 0
github.com/norman6464/devsync/backend/internal/handler/atcoder.go:17.114,22.2 1 0
github.com/norman6464/devsync/backend/internal/handler/atcoder.go:25.52,27.20 2 0
github.com/norman6464/devsync/backend/internal/handler/atcoder.go:27.20,30.3 2 0
github.com/norman6464/devsync/backend/internal/handler/atcoder.go:32.2,33.16 2 0
github.com/norman6464/devsync/backend/internal/handler/atcoder.go:33.16,36.3 2 0
github.com/norman6464/devsync/backend/internal/handler/atcoder.go:38.2,38.29 1 0
github.com/norman6464/devsync/backend/internal/handler/atcoder.go:42.50,48.49 3 0
github.com/norman6464/devsync/backend/internal/handler/atcoder.go:48.49,51.3 2 0
github.com/norman6464/devsync/backend/internal/handler/atcoder.go:53.2,53.56 1 0
github.com/norman6464/devsync/backend/internal/handler/atcoder.go:53.56,56.3 2 0
github.com/norman6464/devsync/backend/internal/handler/atcoder.go:58.2,59.16 2 0
github.com/norman6464/devsync/backend/internal/handler/atcoder.go:59.16,62.3 2 0
github.com/norman6464/devsync/backend/internal/handler/atcoder.go:64.2,65.51 2 0
github.com/norman6464/devsync/backend/internal/handler/atcoder.go:65.51,68.3 2 0
github.com/norman6464/devsync/backend/internal/handler/atcoder.go:70.2,70.29 1 0
github.com/norman6464/devsync/backend/internal/handler/atcoder.go:74.53,78.16 3 0
github.com/norman6464/devsync/backend/internal/handler/atcoder.go:78.16,81.3 2 0
github.com/norman6464/devsync/backend/internal/handler/atcoder.go:83.2,84.51 2 0
github.com/norman6464/devsync/backend/internal/handler/atcoder.go:84.51,87.3 2 0
github.com/norman6464/devsync/backend/internal/handler/atcoder.go:89.2,89.29 1 0
github.com/norman6464/devsync/backend/internal/handler/auth.go:20.106,25.2 1 1
github.com/norman6464/devsync/backend/internal/handler/auth.go:32.50,36.2 3 1
github.com/norman6464/devsync/backend/internal/handler/auth.go:39.38,42.2 2 1
github.com/norman6464/devsync/backend/internal/handler/auth.go:45.48,47.16 2 1
github.com/norman6464/devsync/backend/internal/handler/auth.go:47.16,49.3 1 0
github.com/norman6464/devsync/backend/internal/handler/auth.go:52.2,59.16 3 1
github.com/norman6464/devsync/backend/internal/handler/auth.go:59.16,62.3 2 1
github.com/norman6464/devsync/backend/internal/handler/auth.go:64.2,65.45 2 0
github.com/norman6464/devsync/backend/internal/handler/auth.go:69.45,71.16 2 1
github.com/norman6464/devsync/backend/internal/handler/auth.go:71.16,73.3 1 0
github.com/norman6464/devsync/backend/internal/handler/auth.go:76.2,82.16 3 1
github.com/norman6464/devsync/backend/internal/handler/auth.go:82.16,85.3 2 0
github.com/norman6464/devsync/backend/internal/handler/auth.go:87.2,88.40 2 1
github.com/norman6464/devsync/backend/internal/handler/auth.go:92.51,94.16 2 0
github.com/norman6464/devsync/backend/internal/handler/auth.go:94.16,97.3 2 0
github.com/norman6464/devsync/backend/internal/handler/auth.go:98.2,99.41 2 0
github.com/norman6464/devsync/backend/internal/handler/auth.go:105.59,109.31 3 0
github.com/norman6464/devsync/backend/internal/handler/auth.go:109.31,112.3 2 0
github.com/norman6464/devsync/backend/internal/handler/auth.go:114.2,114.64 1 0
github.com/norman6464/devsync/backend/internal/handler/auth.go:114.64,117.3 2 0
github.com/norman6464/devsync/backend/internal/handler/auth.go:119.2,120.16 2 0
github.com/norman6464/devsync/backend/internal/handler/auth.go:120.16,123.3 2 0
github.com/norman6464/devsync/backend/internal/handler/auth.go:125.2,126.16 2 0
github.com/norman6464/devsync/backend/internal/handler/auth.go:126.16,129.3 2 0
github.com/norman6464/devsync/backend/internal/handler/auth.go:131.2,132.16 2 0
github.com/norman6464/devsync/backend/internal/handler/auth.go:132.16,135.3 2 0
github.com/norman6464/devsync/backend/internal/handler/auth.go:138.2,141.40 3 0
github.com/norman6464/devsync/backend/internal/handler/auth.go:145.42,148.16 3 1
github.com/norman6464/devsync/backend/internal/handler/auth.go:148.16,151.3 2 1
github.com/norman6464/devsync/backend/internal/handler/auth.go:153.2,153.20 1 1
github.com/norman6464/devsync/backend/internal/handler/auth.go:158.60,160.16 2 1
github.com/norman6464/devsync/backend/internal/handler/auth.go:160.16,162.3 1 0
github.com/norman6464/devsync/backend/internal/handler/auth.go:164.2,165.16 2 1
github.com/norman6464/devsync/backend/internal/handler/auth.go:165.16,168.3 2 0
github.com/norman6464/devsync/backend/internal/handler/auth.go:173.2,174.95 2 1
github.com/norman6464/devsync/backend/internal/handler/auth.go:178.53,180.16 2 1
github.com/norman6464/devsync/backend/internal/handler/auth.go:180.16,182.3 1 1
github.com/norman6464/devsync/backend/internal/handler/auth.go:184.2,184.80 1 0
github.com/norman6464/devsync/backend/internal/handler/auth.go:184.80,187.3 2 0
github.com/norman6464/devsync/backend/internal/handler/auth.go:189.2,189.84 1 0
github.com/norman6464/devsync/backend/internal/handler/auth.go:193.46,196.2 2 1
github.com/norman6464/devsync/backend/internal/handler/auth.go:200.53,204.16 3 1
github.com/norman6464/devsync/backend/internal/handler/auth.go:204.16,206.3 1 0
github.com/norman6464/devsync/backend/internal/handler/auth.go:208.2,208.74 1 1
github.com/norman6464/devsync/backend/internal/handler/auth.go:208.74,211.3 2 1
github.com/norman6464/devsync/backend/internal/handler/auth.go:213.2,213.76 1 1
github.com/norman6464/devsync/backend/internal/handler/badge.go:17.61,19.2 1 0
github.com/norman6464/devsync/backend/internal/handler/badge.go:22.54,24.9 2 0
github.com/norman6464/devsync/backend/internal/handler/badge.go:24.9,26.3 1 0
github.com/norman6464/devsync/backend/internal/handler/badge.go:28.2,29.16 2 0
github.com/norman6464/devsync/backend/internal/handler/badge.go:29.16,32.3 2 0
github.com/norman6464/devsync/backend/internal/handler/badge.go:34.2,34.39 1 0
github.com/norman6464/devsync/backend/internal/handler/badge.go:38.58,44.47 3 0
github.com/norman6464/devsync/backend/internal/handler/badge.go:44.47,47.3 2 0
github.com/norman6464/devsync/backend/internal/handler/badge.go:49.2,49.73 1 0
github.com/norman6464/devsync/backend/internal/handler/badge.go:49.73,52.3 2 0
github.com/norman6464/devsync/backend/internal/handler/badge.go:54.2,54.62 1 0
github.com/norman6464/devsync/backend/internal/handler/book_review.go:18.76,20.2 1 0
github.com/norman6464/devsync/backend/internal/handler/book_review.go:43.52,47.16 3 0
github.com/norman6464/devsync/backend/internal/handler/book_review.go:47.16,49.3 1 0
github.com/norman6464/devsync/backend/internal/handler/book_review.go:51.2,61.49 2 0
github.com/norman6464/devsync/backend/internal/handler/book_review.go:61.49,64.3 2 0
github.com/norman6464/devsync/backend/internal/handler/book_review.go:66.2,66.27 1 0
github.com/norman6464/devsync/backend/internal/handler/book_review.go:70.53,72.9 2 0
github.com/norman6464/devsync/backend/internal/handler/book_review.go:72.9,74.3 1 0
github.com/norman6464/devsync/backend/internal/handler/book_review.go:76.2,77.16 2 0
github.com/norman6464/devsync/backend/internal/handler/book_review.go:77.16,80.3 2 0
github.com/norman6464/devsync/backend/internal/handler/book_review.go:82.2,82.22 1 0
github.com/norman6464/devsync/backend/internal/handler/book_review.go:86.57,88.9 2 0
github.com/norman6464/devsync/backend/internal/handler/book_review.go:88.9,90.3 1 0
github.com/norman6464/devsync/backend/internal/handler/book_review.go:92.2,93.16 2 0
github.com/norman6464/devsync/backend/internal/handler/book_review.go:93.16,96.3 2 0
github.com/norman6464/devsync/backend/internal/handler/book_review.go:98.2,98.23 1 0
github.com/norman6464/devsync/backend/internal/handler/book_review.go:102.52,106.17 3 0
github.com/norman6464/devsync/backend/internal/handler/book_review.go:106.17,108.3 1 0
github.com/norman6464/devsync/backend/internal/handler/book_review.go:110.2,111.16 2 0
github.com/norman6464/devsync/backend/internal/handler/book_review.go:111.16,114.3 2 0
github.com/norman6464/devsync/backend/internal/handler/book_review.go:116.2,121.4 1 0
github.com/norman6464/devsync/backend/internal/handler/book_review.go:125.52,128.9 3 0
github.com/norman6464/devsync/backend/internal/handler/book_review.go:128.9,130.3 1 0
github.com/norman6464/devsync/backend/internal/handler/book_review.go:132.2,133.16 2 0
github.com/norman6464/devsync/backend/internal/handler/book_review.go:133.16,135.3 1 0
github.com/norman6464/devsync/backend/internal/handler/book_review.go:137.2,138.21 2 0
github.com/norman6464/devsync/backend/internal/handler/book_review.go:138.21,140.3 1 0
github.com/norman6464/devsync/backend/internal/handler/book_review.go:141.2,141.22 1 0
github.com/norman6464/devsync/backend/internal/handler/book_review.go:141.22,143.3 1 0
github.com/norman6464/devsync/backend/internal/handler/book_review.go:144.2,144.20 1 0
github.com/norman6464/devsync/backend/internal/handler/book_review.go:144.20,146.3 1 0
github.com/norman6464/devsync/backend/internal/handler/book_review.go:147.2,147.23 1 0
github.com/norman6464/devsync/backend/internal/handler/book_review.go:147.23,149.3 1 0
github.com/norman6464/devsync/backend/internal/handler/book_review.go:150.2,150.22 1 0
github.com/norman6464/devsync/backend/internal/handler/book_review.go:150.22,152.3 1 0
github.com/norman6464/devsync/backend/internal/handler/book_review.go:153.2,153.24 1 0
github.com/norman6464/devsync/backend/internal/handler/book_review.go:153.24,155.3 1 0
github.com/norman6464/devsync/backend/internal/handler/book_review.go:157.2,158.16 2 0
github.com/norman6464/devsync/backend/internal/handler/book_review.go:158.16,161.3 2 0
github.com/norman6464/devsync/backend/internal/handler/book_review.go:163.2,163.22 1 0
github.com/norman6464/devsync/backend/internal/handler/book_review.go:167.52,170.9 3 0
github.com/norman6464/devsync/backend/internal/handler/book_review.go:170.9,172.3 1 0
github.com/norman6464/devsync/backend/internal/handler/book_review.go:174.2,174.53 1 0
github.com/norman6464/devsync/backend/internal/handler/book_review.go:174.53,177.3 2 0
github.com/norman6464/devsync/backend/internal/handler/book_review.go:179.2,179.19 1 0
github.com/norman6464/devsync/backend/internal/handler/chat_room.go:19.70,21.2 1 1
github.com/norman6464/devsync/backend/internal/handler/chat_room.go:24.50,32.49 3 1
github.com/norman6464/devsync/backend/internal/handler/chat_room.go:32.49,35.3 2 1
github.com/norman6464/devsync/backend/internal/handler/chat_room.go:37.2,44.16 3 1
github.com/norman6464/devsync/backend/internal/handler/chat_room.go:44.16,47.3 2 0
github.com/norman6464/devsync/backend/internal/handler/chat_room.go:49.2,49.28 1 1
github.com/norman6464/devsync/backend/internal/handler/chat_room.go:53.54,56.16 3 1
github.com/norman6464/devsync/backend/internal/handler/chat_room.go:56.16,59.3 2 0
github.com/norman6464/devsync/backend/internal/handler/chat_room.go:60.2,60.21 1 1
github.com/norman6464/devsync/backend/internal/handler/chat_room.go:64.51,67.9 3 1
github.com/norman6464/devsync/backend/internal/handler/chat_room.go:67.9,69.3 1 1
github.com/norman6464/devsync/backend/internal/handler/chat_room.go:71.2,72.16 2 1
github.com/norman6464/devsync/backend/internal/handler/chat_room.go:72.16,75.3 2 1
github.com/norman6464/devsync/backend/internal/handler/chat_room.go:76.2,76.20 1 1
github.com/norman6464/devsync/backend/internal/handler/chat_room.go:80.50,83.9 3 1
github.com/norman6464/devsync/backend/internal/handler/chat_room.go:83.9,85.3 1 0
github.com/norman6464/devsync/backend/internal/handler/chat_room.go:87.2,91.49 2 1
github.com/norman6464/devsync/backend/internal/handler/chat_room.go:91.49,94.3 2 0
github.com/norman6464/devsync/backend/internal/handler/chat_room.go:96.2,97.16 2 1
github.com/norman6464/devsync/backend/internal/handler/chat_room.go:97.16,100.3 2 1
github.com/norman6464/devsync/backend/internal/handler/chat_room.go:101.2,101.20 1 1
github.com/norman6464/devsync/backend/internal/handler/chat_room.go:105.50,108.9 3 1
github.com/norman6464/devsync/backend/internal/handler/chat_room.go:108.9,110.3 1 0
github.com/norman6464/devsync/backend/internal/handler/chat_room.go:112.2,112.57 1 1
github.com/norman6464/devsync/backend/internal/handler/chat_room.go:112.57,115.3 2 1
github.com/norman6464/devsync/backend/internal/handler/chat_room.go:116.2,116.19 1 1
github.com/norman6464/devsync/backend/internal/handler/chat_room.go:120.54,123.9 3 1
github.com/norman6464/devsync/backend/internal/handler/chat_room.go:123.9,125.3 1 0
github.com/norman6464/devsync/backend/internal/handler/chat_room.go:127.2,128.16 2 1
github.com/norman6464/devsync/backend/internal/handler/chat_room.go:128.16,131.3 2 1
github.com/norman6464/devsync/backend/internal/handler/chat_room.go:132.2,132.23 1 1
github.com/norman6464/devsync/backend/internal/handler/chat_room.go:136.53,139.9 3 1
github.com/norman6464/devsync/backend/internal/handler/chat_room.go:139.9,141.3 1 0
github.com/norman6464/devsync/backend/internal/handler/chat_room.go:143.2,146.49 2 1
github.com/norman6464/devsync/backend/internal/handler/chat_room.go:146.49,149.3 2 1
github.com/norman6464/devsync/backend/internal/handler/chat_room.go:151.2,151.74 1 1
github.com/norman6464/devsync/backend/internal/handler/chat_room.go:151.74,154.3 2 1
github.com/norman6464/devsync/backend/internal/handler/chat_room.go:155.2,155.48 1 1
github.com/norman6464/devsync/backend/internal/handler/chat_room.go:159.56,162.9 3 1
github.com/norman6464/devsync/backend/internal/handler/chat_room.go:162.9,164.3 1 0
github.com/norman6464/devsync/backend/internal/handler/chat_room.go:165.2,166.9 2 1
github.com/norman6464/devsync/backend/internal/handler/chat_room.go:166.9,168.3 1 0
github.com/norman6464/devsync/backend/internal/handler/chat_room.go:170.2,170.73 1 1
github.com/norman6464/devsync/backend/internal/handler/chat_room.go:170.73,173.3 2 1
github.com/norman6464/devsync/backend/internal/handler/chat_room.go:174.2,174.50 1 1
github.com/norman6464/devsync/backend/internal/handler/chat_room.go:178.55,181.9 3 1
github.com/norman6464/devsync/backend/internal/handler/chat_room.go:181.9,183.3 1 0
github.com/norman6464/devsync/backend/internal/handler/chat_room.go:185.2,189.16 4 1
github.com/norman6464/devsync/backend/internal/handler/chat_room.go:189.16,192.3 2 1
github.com/norman6464/devsync/backend/internal/handler/chat_room.go:193.2,193.24 1 1
github.com/norman6464/devsync/backend/internal/handler/chat_room.go:197.55,200.9 3 1
github.com/norman6464/devsync/backend/internal/handler/chat_room.go:200.9,202.3 1 0
github.com/norman6464/devsync/backend/internal/handler/chat_room.go:204.2,207.49 2 1
github.com/norman6464/devsync/backend/internal/handler/chat_room.go:207.49,210.3 2 1
github.com/norman6464/devsync/backend/internal/handler/chat_room.go:212.2,213.16 2 1
github.com/norman6464/devsync/backend/internal/handler/chat_room.go:213.16,216.3 2 1
github.com/norman6464/devsync/backend/internal/handler/chat_room.go:218.2,218.24 1 1
github.com/norman6464/devsync/backend/internal/handler/code_snippet.go:17.79,19.2 1 0
github.com/norman6464/devsync/backend/internal/handler/code_snippet.go:22.53,24.9 2 0
github.com/norman6464/devsync/backend/internal/handler/code_snippet.go:24.9,26.3 1 0
github.com/norman6464/devsync/backend/internal/handler/code_snippet.go:27.2,34.49 3 0
github.com/norman6464/devsync/backend/internal/handler/code_snippet.go:34.49,37.3 2 0
github.com/norman6464/devsync/backend/internal/handler/code_snippet.go:39.2,47.16 3 0
github.com/norman6464/devsync/backend/internal/handler/code_snippet.go:47.16,50.3 2 0
github.com/norman6464/devsync/backend/internal/handler/code_snippet.go:51.2,51.28 1 0
github.com/norman6464/devsync/backend/internal/handler/code_snippet.go:55.58,57.9 2 0
github.com/norman6464/devsync/backend/internal/handler/code_snippet.go:57.9,59.3 1 0
github.com/norman6464/devsync/backend/internal/handler/code_snippet.go:61.2,62.16 2 0
github.com/norman6464/devsync/backend/internal/handler/code_snippet.go:62.16,65.3 2 0
github.com/norman6464/devsync/backend/internal/handler/code_snippet.go:66.2,66.24 1 0
github.com/norman6464/devsync/backend/internal/handler/code_snippet.go:70.54,72.9 2 0
github.com/norman6464/devsync/backend/internal/handler/code_snippet.go:72.9,74.3 1 0
github.com/norman6464/devsync/backend/internal/handler/code_snippet.go:76.2,77.16 2 0
github.com/norman6464/devsync/backend/internal/handler/code_snippet.go:77.16,80.3 2 0
github.com/norman6464/devsync/backend/internal/handler/code_snippet.go:81.2,81.24 1 0
github.com/norman6464/devsync/backend/internal/handler/code_snippet.go:85.53,87.9 2 0
github.com/norman6464/devsync/backend/internal/handler/code_snippet.go:87.9,89.3 1 0
github.com/norman6464/devsync/backend/internal/handler/code_snippet.go:90.2,97.49 3 0
github.com/norman6464/devsync/backend/internal/handler/code_snippet.go:97.49,100.3 2 0
github.com/norman6464/devsync/backend/internal/handler/code_snippet.go:102.2,103.16 2 0
github.com/norman6464/devsync/backend/internal/handler/code_snippet.go:103.16,106.3 2 0
github.com/norman6464/devsync/backend/internal/handler/code_snippet.go:107.2,107.23 1 0
github.com/norman6464/devsync/backend/internal/handler/code_snippet.go:111.53,113.9 2 0
github.com/norman6464/devsync/backend/internal/handler/code_snippet.go:113.9,115.3 1 0
github.com/norman6464/devsync/backend/internal/handler/code_snippet.go:116.2,118.53 2 0
github.com/norman6464/devsync/backend/internal/handler/code_snippet.go:118.53,121.3 2 0
github.com/norman6464/devsync/backend/internal/handler/code_snippet.go:122.2,122.19 1 0
github.com/norman6464/devsync/backend/internal/handler/code_snippet.go:126.58,128.9 2 0
github.com/norman6464/devsync/backend/internal/handler/code_snippet.go:128.9,130.3 1 0
github.com/norman6464/devsync/backend/internal/handler/code_snippet.go:132.2,133.16 2 0
github.com/norman6464/devsync/backend/internal/handler/code_snippet.go:133.16,136.3 2 0
github.com/norman6464/devsync/backend/internal/handler/code_snippet.go:137.2,137.24 1 0
github.com/norman6464/devsync/backend/internal/handler/code_snippet.go:141.60,143.9 2 0
github.com/norman6464/devsync/backend/internal/handler/code_snippet.go:143.9,145.3 1 0
github.com/norman6464/devsync/backend/internal/handler/code_snippet.go:146.2,152.49 3 0
github.com/norman6464/devsync/backend/internal/handler/code_snippet.go:152.49,155.3 2 0
github.com/norman6464/devsync/backend/internal/handler/code_snippet.go:157.2,163.57 2 0
github.com/norman6464/devsync/backend/internal/handler/code_snippet.go:163.57,166.3 2 0
github.com/norman6464/devsync/backend/internal/handler/code_snippet.go:167.2,167.28 1 0
github.com/norman6464/devsync/backend/internal/handler/code_snippet.go:171.60,173.9 2 0
github.com/norman6464/devsync/backend/internal/handler/code_snippet.go:173.9,175.3 1 0
github.com/norman6464/devsync/backend/internal/handler/code_snippet.go:176.2,178.67 2 0
github.com/norman6464/devsync/backend/internal/handler/code_snippet.go:178.67,181.3 2 0
github.com/norman6464/devsync/backend/internal/handler/code_snippet.go:182.2,182.19 1 0
github.com/norman6464/devsync/backend/internal/handler/email_preferences.go:17.92,19.2 1 0
github.com/norman6464/devsync/backend/internal/handler/email_preferences.go:22.66,26.16 3 0
github.com/norman6464/devsync/backend/internal/handler/email_preferences.go:26.16,29.3 2 0
github.com/norman6464/devsync/backend/internal/handler/email_preferences.go:31.2,34.4 1 0
github.com/norman6464/devsync/backend/internal/handler/email_preferences.go:38.69,46.47 3 0
github.com/norman6464/devsync/backend/internal/handler/email_preferences.go:46.47,49.3 2 0
github.com/norman6464/devsync/backend/internal/handler/email_preferences.go:51.2,52.16 2 0
github.com/norman6464/devsync/backend/internal/handler/email_preferences.go:52.16,55.3 2 0
github.com/norman6464/devsync/backend/internal/handler/email_preferences.go:57.2,57.34 1 0
github.com/norman6464/devsync/backend/internal/handler/email_preferences.go:57.34,59.3 1 0
github.com/norman6464/devsync/backend/internal/handler/email_preferences.go:60.2,60.30 1 0
github.com/norman6464/devsync/backend/internal/handler/email_preferences.go:60.30,66.38 2 0
github.com/norman6464/devsync/backend/internal/handler/email_preferences.go:66.38,69.4 2 0
github.com/norman6464/devsync/backend/internal/handler/email_preferences.go:70.3,70.42 1 0
github.com/norman6464/devsync/backend/internal/handler/email_preferences.go:73.2,73.51 1 0
github.com/norman6464/devsync/backend/internal/handler/email_preferences.go:73.51,76.3 2 0
github.com/norman6464/devsync/backend/internal/handler/email_preferences.go:78.2,81.4 1 0
github.com/norman6464/devsync/backend/internal/handler/follow.go:16.64,18.2 1 0
github.com/norman6464/devsync/backend/internal/handler/follow.go:21.48,24.9 3 0
github.com/norman6464/devsync/backend/internal/handler/follow.go:24.9,26.3 1 0
github.com/norman6464/devsync/backend/internal/handler/follow.go:27.2,27.59 1 0
github.com/norman6464/devsync/backend/internal/handler/follow.go:27.59,30.3 2 0
github.com/norman6464/devsync/backend/internal/handler/follow.go:31.2,31.44 1 0
github.com/norman6464/devsync/backend/internal/handler/follow.go:35.50,38.9 3 0
github.com/norman6464/devsync/backend/internal/handler/follow.go:38.9,40.3 1 0
github.com/norman6464/devsync/backend/internal/handler/follow.go:41.2,41.61 1 0
github.com/norman6464/devsync/backend/internal/handler/follow.go:41.61,44.3 2 0
github.com/norman6464/devsync/backend/internal/handler/follow.go:45.2,45.46 1 0
github.com/norman6464/devsync/backend/internal/handler/follow.go:49.54,51.9 2 0
github.com/norman6464/devsync/backend/internal/handler/follow.go:51.9,53.3 1 0
github.com/norman6464/devsync/backend/internal/handler/follow.go:54.2,55.16 2 0
github.com/norman6464/devsync/backend/internal/handler/follow.go:55.16,58.3 2 0
github.com/norman6464/devsync/backend/internal/handler/follow.go:59.2,59.18 1 0
github.com/norman6464/devsync/backend/internal/handler/follow.go:59.18,61.3 1 0
github.com/norman6464/devsync/backend/internal/handler/follow.go:62.2,62.21 1 0
github.com/norman6464/devsync/backend/internal/handler/follow.go:66.54,68.9 2 0
github.com/norman6464/devsync/backend/internal/handler/follow.go:68.9,70.3 1 0
github.com/norman6464/devsync/backend/internal/handler/follow.go:71.2,72.16 2 0
github.com/norman6464/devsync/backend/internal/handler/follow.go:72.16,75.3 2 0
github.com/norman6464/devsync/backend/internal/handler/follow.go:76.2,76.18 1 0
github.com/norman6464/devsync/backend/internal/handler/follow.go:76.18,78.3 1 0
github.com/norman6464/devsync/backend/internal/handler/follow.go:79.2,79.21 1 0
github.com/norman6464/devsync/backend/internal/handler/github.go:21.18,26.2 1 0
github.com/norman6464/devsync/backend/internal/handler/github.go:29.49,32.16 3 0
github.com/norman6464/devsync/backend/internal/handler/github.go:32.16,35.3 2 0
github.com/norman6464/devsync/backend/internal/handler/github.go:36.2,37.33 2 0
github.com/norman6464/devsync/backend/internal/handler/github.go:41.50,45.31 3 0
github.com/norman6464/devsync/backend/internal/handler/github.go:45.31,48.3 2 0
github.com/norman6464/devsync/backend/internal/handler/github.go:50.2,51.16 2 0
github.com/norman6464/devsync/backend/internal/handler/github.go:51.16,54.3 2 0
github.com/norman6464/devsync/backend/internal/handler/github.go:56.2,56.75 1 0
github.com/norman6464/devsync/backend/internal/handler/github.go:56.75,59.3 2 0
github.com/norman6464/devsync/backend/internal/handler/github.go:61.2,61.52 1 0
github.com/norman6464/devsync/backend/internal/handler/github.go:65.58,67.9 2 0
github.com/norman6464/devsync/backend/internal/handler/github.go:67.9,69.3 1 0
github.com/norman6464/devsync/backend/internal/handler/github.go:71.2,72.16 2 0
github.com/norman6464/devsync/backend/internal/handler/github.go:72.16,75.3 2 0
github.com/norman6464/devsync/backend/internal/handler/github.go:76.2,76.29 1 0
github.com/norman6464/devsync/backend/internal/handler/github.go:80.54,82.9 2 0
github.com/norman6464/devsync/backend/internal/handler/github.go:82.9,84.3 1 0
github.com/norman6464/devsync/backend/internal/handler/github.go:86.2,87.16 2 0
github.com/norman6464/devsync/backend/internal/handler/github.go:87.16,90.3 2 0
github.com/norman6464/devsync/backend/internal/handler/github.go:91.2,91.21 1 0
github.com/norman6464/devsync/backend/internal/handler/github.go:95.50,97.9 2 0
github.com/norman6464/devsync/backend/internal/handler/github.go:97.9,99.3 1 0
github.com/norman6464/devsync/backend/internal/handler/github.go:101.2,102.16 2 0
github.com/norman6464/devsync/backend/internal/handler/github.go:102.16,105.3 2 0
github.com/norman6464/devsync/backend/internal/handler/github.go:106.2,106.21 1 0
github.com/norman6464/devsync/backend/internal/handler/github.go:110.46,113.61 2 0
github.com/norman6464/devsync/backend/internal/handler/github.go:113.61,116.3 2 0
github.com/norman6464/devsync/backend/internal/handler/github.go:118.2,118.49 1 0
github.com/norman6464/devsync/backend/internal/handler/github.go:122.52,125.65 2 0
github.com/norman6464/devsync/backend/internal/handler/github.go:125.65,128.3 2 0
github.com/norman6464/devsync/backend/internal/handler/github.go:130.2,130.55 1 0
github.com/norman6464/devsync/backend/internal/handler/health.go:13.34,15.2 1 0
github.com/norman6464/devsync/backend/internal/handler/helpers.go:13.57,16.16 3 1
github.com/norman6464/devsync/backend/internal/handler/helpers.go:16.16,19.3 2 1
github.com/norman6464/devsync/backend/internal/handler/helpers.go:20.2,20.23 1 1
github.com/norman6464/devsync/backend/internal/handler/helpers.go:25.56,28.14 3 1
github.com/norman6464/devsync/backend/internal/handler/helpers.go:28.14,30.3 1 1
github.com/norman6464/devsync/backend/internal/handler/helpers.go:31.2,31.15 1 1
github.com/norman6464/devsync/backend/internal/handler/helpers.go:31.15,33.3 1 1
github.com/norman6464/devsync/backend/internal/handler/helpers.go:34.2,34.17 1 1
github.com/norman6464/devsync/backend/internal/handler/helpers.go:34.17,36.3 1 1
github.com/norman6464/devsync/backend/internal/handler/helpers.go:37.2,37.20 1 1
github.com/norman6464/devsync/backend/internal/handler/helpers.go:42.41,44.47 2 1
github.com/norman6464/devsync/backend/internal/handler/helpers.go:44.47,47.3 2 1
github.com/norman6464/devsync/backend/internal/handler/helpers.go:48.2,48.13 1 1
github.com/norman6464/devsync/backend/internal/handler/helpers.go:53.46,55.63 1 1
github.com/norman6464/devsync/backend/internal/handler/helpers.go:55.63,58.3 2 1
github.com/norman6464/devsync/backend/internal/handler/helpers.go:61.2,61.69 1 1
github.com/norman6464/devsync/backend/internal/handler/helpers.go:65.50,67.2 1 1
github.com/norman6464/devsync/backend/internal/handler/helpers.go:70.55,72.2 1 1
github.com/norman6464/devsync/backend/internal/handler/helpers.go:75.37,77.2 1 1
github.com/norman6464/devsync/backend/internal/handler/learning_analytics.go:17.97,19.2 1 0
github.com/norman6464/devsync/backend/internal/handler/learning_analytics.go:22.63,24.9 2 0
github.com/norman6464/devsync/backend/internal/handler/learning_analytics.go:24.9,26.3 1 0
github.com/norman6464/devsync/backend/internal/handler/learning_analytics.go:28.2,29.16 2 0
github.com/norman6464/devsync/backend/internal/handler/learning_analytics.go:29.16,32.3 2 0
github.com/norman6464/devsync/backend/internal/handler/learning_analytics.go:34.2,34.20 1 0
github.com/norman6464/devsync/backend/internal/handler/learning_analytics.go:38.73,40.9 2 0
github.com/norman6464/devsync/backend/internal/handler/learning_analytics.go:40.9,42.3 1 0
github.com/norman6464/devsync/backend/internal/handler/learning_analytics.go:44.2,45.16 2 0
github.com/norman6464/devsync/backend/internal/handler/learning_analytics.go:45.16,48.3 2 0
github.com/norman6464/devsync/backend/internal/handler/learning_analytics.go:50.2,50.20 1 0
github.com/norman6464/devsync/backend/internal/handler/learning_analytics.go:54.73,56.9 2 0
github.com/norman6464/devsync/backend/internal/handler/learning_analytics.go:56.9,58.3 1 0
github.com/norman6464/devsync/backend/internal/handler/learning_analytics.go:60.2,61.16 2 0
github.com/norman6464/devsync/backend/internal/handler/learning_analytics.go:61.16,64.3 2 0
github.com/norman6464/devsync/backend/internal/handler/learning_analytics.go:66.2,66.21 1 0
github.com/norman6464/devsync/backend/internal/handler/learning_analytics.go:70.68,72.9 2 0
github.com/norman6464/devsync/backend/internal/handler/learning_analytics.go:72.9,74.3 1 0
github.com/norman6464/devsync/backend/internal/handler/learning_analytics.go:76.2,77.36 2 0
github.com/norman6464/devsync/backend/internal/handler/learning_analytics.go:77.36,78.63 1 0
github.com/norman6464/devsync/backend/internal/handler/learning_analytics.go:78.63,80.4 1 0
github.com/norman6464/devsync/backend/internal/handler/learning_analytics.go:83.2,84.16 2 0
github.com/norman6464/devsync/backend/internal/handler/learning_analytics.go:84.16,87.3 2 0
github.com/norman6464/devsync/backend/internal/handler/learning_analytics.go:89.2,89.20 1 0
github.com/norman6464/devsync/backend/internal/handler/learning_analytics.go:93.64,97.16 3 0
github.com/norman6464/devsync/backend/internal/handler/learning_analytics.go:97.16,100.3 2 0
github.com/norman6464/devsync/backend/internal/handler/learning_analytics.go:102.2,102.24 1 0
github.com/norman6464/devsync/backend/internal/handler/learning_goal.go:19.82,21.2 1 0
github.com/norman6464/devsync/backend/internal/handler/learning_goal.go:24.54,34.47 3 0
github.com/norman6464/devsync/backend/internal/handler/learning_goal.go:34.47,37.3 2 0
github.com/norman6464/devsync/backend/internal/handler/learning_goal.go:39.2,49.24 2 0
github.com/norman6464/devsync/backend/internal/handler/learning_goal.go:49.24,51.3 1 0
github.com/norman6464/devsync/backend/internal/handler/learning_goal.go:54.2,54.26 1 0
github.com/norman6464/devsync/backend/internal/handler/learning_goal.go:54.26,56.17 2 0
github.com/norman6464/devsync/backend/internal/handler/learning_goal.go:56.17,58.4 1 0
github.com/norman6464/devsync/backend/internal/handler/learning_goal.go:61.2,61.47 1 0
github.com/norman6464/devsync/backend/internal/handler/learning_goal.go:61.47,64.3 2 0
github.com/norman6464/devsync/backend/internal/handler/learning_goal.go:66.2,66.25 1 0
github.com/norman6464/devsync/backend/internal/handler/learning_goal.go:70.54,73.9 3 0
github.com/norman6464/devsync/backend/internal/handler/learning_goal.go:73.9,75.3 1 0
github.com/norman6464/devsync/backend/internal/handler/learning_goal.go:77.2,86.47 2 0
github.com/norman6464/devsync/backend/internal/handler/learning_goal.go:86.47,89.3 2 0
github.com/norman6464/devsync/backend/internal/handler/learning_goal.go:91.2,92.22 2 0
github.com/norman6464/devsync/backend/internal/handler/learning_goal.go:92.22,94.3 1 0
github.com/norman6464/devsync/backend/internal/handler/learning_goal.go:95.2,95.28 1 0
github.com/norman6464/devsync/backend/internal/handler/learning_goal.go:95.28,97.3 1 0
github.com/norman6464/devsync/backend/internal/handler/learning_goal.go:98.2,98.25 1 0
github.com/norman6464/devsync/backend/internal/handler/learning_goal.go:98.25,100.3 1 0
github.com/norman6464/devsync/backend/internal/handler/learning_goal.go:101.2,101.27 1 0
github.com/norman6464/devsync/backend/internal/handler/learning_goal.go:101.27,102.28 1 0
github.com/norman6464/devsync/backend/internal/handler/learning_goal.go:102.28,104.4 1 0
github.com/norman6464/devsync/backend/internal/handler/learning_goal.go:104.9,106.18 2 0
github.com/norman6464/devsync/backend/internal/handler/learning_goal.go:106.18,108.5 1 0
github.com/norman6464/devsync/backend/internal/handler/learning_goal.go:111.2,111.25 1 0
github.com/norman6464/devsync/backend/internal/handler/learning_goal.go:111.25,113.3 1 0
github.com/norman6464/devsync/backend/internal/handler/learning_goal.go:114.2,114.23 1 0
github.com/norman6464/devsync/backend/internal/handler/learning_goal.go:114.23,116.3 1 0
github.com/norman6464/devsync/backend/internal/handler/learning_goal.go:118.2,119.16 2 0
github.com/norman6464/devsync/backend/internal/handler/learning_goal.go:119.16,122.3 2 0
github.com/norman6464/devsync/backend/internal/handler/learning_goal.go:124.2,124.20 1 0
github.com/norman6464/devsync/backend/internal/handler/learning_goal.go:128.54,131.9 3 0
github.com/norman6464/devsync/backend/internal/handler/learning_goal.go:131.9,133.3 1 0
github.com/norman6464/devsync/backend/internal/handler/learning_goal.go:135.2,135.57 1 0
github.com/norman6464/devsync/backend/internal/handler/learning_goal.go:135.57,138.3 2 0
github.com/norman6464/devsync/backend/internal/handler/learning_goal.go:140.2,140.19 1 0
github.com/norman6464/devsync/backend/internal/handler/learning_goal.go:144.55,146.9 2 0
github.com/norman6464/devsync/backend/internal/handler/learning_goal.go:146.9,148.3 1 0
github.com/norman6464/devsync/backend/internal/handler/learning_goal.go:150.2,151.16 2 0
github.com/norman6464/devsync/backend/internal/handler/learning_goal.go:151.16,154.3 2 0
github.com/norman6464/devsync/backend/internal/handler/learning_goal.go:156.2,156.29 1 0
github.com/norman6464/devsync/backend/internal/handler/learning_goal.go:160.59,162.9 2 0
github.com/norman6464/devsync/backend/internal/handler/learning_goal.go:162.9,164.3 1 0
github.com/norman6464/devsync/backend/internal/handler/learning_goal.go:166.2,167.16 2 0
github.com/norman6464/devsync/backend/internal/handler/learning_goal.go:167.16,170.3 2 0
github.com/norman6464/devsync/backend/internal/handler/learning_goal.go:172.2,172.30 1 0
github.com/norman6464/devsync/backend/internal/handler/learning_goal.go:176.58,180.16 3 0
github.com/norman6464/devsync/backend/internal/handler/learning_goal.go:180.16,183.3 2 0
github.com/norman6464/devsync/backend/internal/handler/learning_goal.go:185.2,185.30 1 0
github.com/norman6464/devsync/backend/internal/handler/learning_goal.go:189.56,191.9 2 0
github.com/norman6464/devsync/backend/internal/handler/learning_goal.go:191.9,193.3 1 0
github.com/norman6464/devsync/backend/internal/handler/learning_goal.go:195.2,196.16 2 0
github.com/norman6464/devsync/backend/internal/handler/learning_goal.go:196.16,199.3 2 0
github.com/norman6464/devsync/backend/internal/handler/learning_goal.go:201.2,201.30 1 0
github.com/norman6464/devsync/backend/internal/handler/learning_log.go:18.79,20.2 1 0
github.com/norman6464/devsync/backend/internal/handler/learning_log.go:23.53,34.47 3 0
github.com/norman6464/devsync/backend/internal/handler/learning_log.go:34.47,37.3 2 0
github.com/norman6464/devsync/backend/internal/handler/learning_log.go:39.2,49.24 2 0
github.com/norman6464/devsync/backend/internal/handler/learning_log.go:49.24,51.3 1 0
github.com/norman6464/devsync/backend/internal/handler/learning_log.go:53.2,53.46 1 0
github.com/norman6464/devsync/backend/internal/handler/learning_log.go:53.46,56.3 2 0
github.com/norman6464/devsync/backend/internal/handler/learning_log.go:58.2,58.24 1 0
github.com/norman6464/devsync/backend/internal/handler/learning_log.go:62.53,65.9 3 0
github.com/norman6464/devsync/backend/internal/handler/learning_log.go:65.9,67.3 1 0
github.com/norman6464/devsync/backend/internal/handler/learning_log.go:69.2,76.47 2 0
github.com/norman6464/devsync/backend/internal/handler/learning_log.go:76.47,79.3 2 0
github.com/norman6464/devsync/backend/internal/handler/learning_log.go:81.2,82.22 2 0
github.com/norman6464/devsync/backend/internal/handler/learning_log.go:82.22,84.3 1 0
github.com/norman6464/devsync/backend/internal/handler/learning_log.go:85.2,85.24 1 0
github.com/norman6464/devsync/backend/internal/handler/learning_log.go:85.24,87.3 1 0
github.com/norman6464/devsync/backend/internal/handler/learning_log.go:88.2,88.25 1 0
github.com/norman6464/devsync/backend/internal/handler/learning_log.go:88.25,90.3 1 0
github.com/norman6464/devsync/backend/internal/handler/learning_log.go:91.2,91.25 1 0
github.com/norman6464/devsync/backend/internal/handler/learning_log.go:91.25,93.3 1 0
github.com/norman6464/devsync/backend/internal/handler/learning_log.go:95.2,96.16 2 0
github.com/norman6464/devsync/backend/internal/handler/learning_log.go:96.16,99.3 2 0
github.com/norman6464/devsync/backend/internal/handler/learning_log.go:101.2,101.28 1 0
github.com/norman6464/devsync/backend/internal/handler/learning_log.go:105.53,108.9 3 0
github.com/norman6464/devsync/backend/internal/handler/learning_log.go:108.9,110.3 1 0
github.com/norman6464/devsync/backend/internal/handler/learning_log.go:112.2,112.56 1 0
github.com/norman6464/devsync/backend/internal/handler/learning_log.go:112.56,115.3 2 0
github.com/norman6464/devsync/backend/internal/handler/learning_log.go:117.2,117.56 1 0
github.com/norman6464/devsync/backend/internal/handler/learning_log.go:121.54,123.9 2 0
github.com/norman6464/devsync/backend/internal/handler/learning_log.go:123.9,125.3 1 0
github.com/norman6464/devsync/backend/internal/handler/learning_log.go:127.2,128.16 2 0
github.com/norman6464/devsync/backend/internal/handler/learning_log.go:128.16,131.3 2 0
github.com/norman6464/devsync/backend/internal/handler/learning_log.go:133.2,133.28 1 0
github.com/norman6464/devsync/backend/internal/handler/learning_log.go:137.56,141.16 3 0
github.com/norman6464/devsync/backend/internal/handler/learning_log.go:141.16,144.3 2 0
github.com/norman6464/devsync/backend/internal/handler/learning_log.go:146.2,146.20 1 0
github.com/norman6464/devsync/backend/internal/handler/learning_log.go:150.58,152.9 2 0
github.com/norman6464/devsync/backend/internal/handler/learning_log.go:152.9,154.3 1 0
github.com/norman6464/devsync/backend/internal/handler/learning_log.go:156.2,157.16 2 0
github.com/norman6464/devsync/backend/internal/handler/learning_log.go:157.16,160.3 2 0
github.com/norman6464/devsync/backend/internal/handler/learning_log.go:162.2,162.29 1 0
github.com/norman6464/devsync/backend/internal/handler/learning_log.go:166.60,168.9 2 0
github.com/norman6464/devsync/backend/internal/handler/learning_log.go:168.9,170.3 1 0
github.com/norman6464/devsync/backend/internal/handler/learning_log.go:172.2,173.16 2 0
github.com/norman6464/devsync/backend/internal/handler/learning_log.go:173.16,176.3 2 0
github.com/norman6464/devsync/backend/internal/handler/learning_log.go:178.2,178.29 1 0
github.com/norman6464/devsync/backend/internal/handler/learning_log.go:182.62,184.9 2 0
github.com/norman6464/devsync/backend/internal/handler/learning_log.go:184.9,186.3 1 0
github.com/norman6464/devsync/backend/internal/handler/learning_log.go:188.2,189.16 2 0
github.com/norman6464/devsync/backend/internal/handler/learning_log.go:189.16,192.3 2 0
github.com/norman6464/devsync/backend/internal/handler/learning_log.go:194.2,194.32 1 0
github.com/norman6464/devsync/backend/internal/handler/learning_resource.go:19.94,21.2 1 1
github.com/norman6464/devsync/backend/internal/handler/learning_resource.go:48.58,52.16 3 1
github.com/norman6464/devsync/backend/internal/handler/learning_resource.go:52.16,54.3 1 1
github.com/norman6464/devsync/backend/internal/handler/learning_resource.go:57.2,58.25 2 1
github.com/norman6464/devsync/backend/internal/handler/learning_resource.go:58.25,60.3 1 0
github.com/norman6464/devsync/backend/internal/handler/learning_resource.go:62.2,74.51 2 1
github.com/norman6464/devsync/backend/internal/handler/learning_resource.go:74.51,77.3 2 0
github.com/norman6464/devsync/backend/internal/handler/learning_resource.go:79.2,79.38 1 1
github.com/norman6464/devsync/backend/internal/handler/learning_resource.go:83.59,85.9 2 1
github.com/norman6464/devsync/backend/internal/handler/learning_resource.go:85.9,87.3 1 1
github.com/norman6464/devsync/backend/internal/handler/learning_resource.go:89.2,92.16 3 1
github.com/norman6464/devsync/backend/internal/handler/learning_resource.go:92.16,95.3 2 1
github.com/norman6464/devsync/backend/internal/handler/learning_resource.go:98.2,105.4 3 1
github.com/norman6464/devsync/backend/internal/handler/learning_resource.go:109.63,111.9 2 0
github.com/norman6464/devsync/backend/internal/handler/learning_resource.go:111.9,113.3 1 0
github.com/norman6464/devsync/backend/internal/handler/learning_resource.go:115.2,118.16 3 0
github.com/norman6464/devsync/backend/internal/handler/learning_resource.go:118.16,121.3 2 0
github.com/norman6464/devsync/backend/internal/handler/learning_resource.go:123.2,123.34 1 0
github.com/norman6464/devsync/backend/internal/handler/learning_resource.go:127.61,133.17 5 1
github.com/norman6464/devsync/backend/internal/handler/learning_resource.go:133.17,135.3 1 1
github.com/norman6464/devsync/backend/internal/handler/learning_resource.go:137.2,138.16 2 1
github.com/norman6464/devsync/backend/internal/handler/learning_resource.go:138.16,141.3 2 0
github.com/norman6464/devsync/backend/internal/handler/learning_resource.go:143.2,148.4 1 1
github.com/norman6464/devsync/backend/internal/handler/learning_resource.go:152.58,157.17 4 1
github.com/norman6464/devsync/backend/internal/handler/learning_resource.go:157.17,159.3 1 0
github.com/norman6464/devsync/backend/internal/handler/learning_resource.go:161.2,162.16 2 1
github.com/norman6464/devsync/backend/internal/handler/learning_resource.go:162.16,165.3 2 0
github.com/norman6464/devsync/backend/internal/handler/learning_resource.go:167.2,172.4 1 1
github.com/norman6464/devsync/backend/internal/handler/learning_resource.go:176.58,179.9 3 1
github.com/norman6464/devsync/backend/internal/handler/learning_resource.go:179.9,181.3 1 0
github.com/norman6464/devsync/backend/internal/handler/learning_resource.go:183.2,184.16 2 1
github.com/norman6464/devsync/backend/internal/handler/learning_resource.go:184.16,186.3 1 0
github.com/norman6464/devsync/backend/internal/handler/learning_resource.go:188.2,189.21 2 1
github.com/norman6464/devsync/backend/internal/handler/learning_resource.go:189.21,191.3 1 1
github.com/norman6464/devsync/backend/internal/handler/learning_resource.go:192.2,192.27 1 1
github.com/norman6464/devsync/backend/internal/handler/learning_resource.go:192.27,194.3 1 0
github.com/norman6464/devsync/backend/internal/handler/learning_resource.go:195.2,195.19 1 1
github.com/norman6464/devsync/backend/internal/handler/learning_resource.go:195.19,197.3 1 0
github.com/norman6464/devsync/backend/internal/handler/learning_resource.go:198.2,198.24 1 1
github.com/norman6464/devsync/backend/internal/handler/learning_resource.go:198.24,200.3 1 0
github.com/norman6464/devsync/backend/internal/handler/learning_resource.go:201.2,201.26 1 1
github.com/norman6464/devsync/backend/internal/handler/learning_resource.go:201.26,203.3 1 0
github.com/norman6464/devsync/backend/internal/handler/learning_resource.go:204.2,204.20 1 1
github.com/norman6464/devsync/backend/internal/handler/learning_resource.go:204.20,206.3 1 0
github.com/norman6464/devsync/backend/internal/handler/learning_resource.go:207.2,207.24 1 1
github.com/norman6464/devsync/backend/internal/handler/learning_resource.go:207.24,209.3 1 0
github.com/norman6464/devsync/backend/internal/handler/learning_resource.go:211.2,212.16 2 1
github.com/norman6464/devsync/backend/internal/handler/learning_resource.go:212.16,215.3 2 1
github.com/norman6464/devsync/backend/internal/handler/learning_resource.go:218.2,218.25 1 1
github.com/norman6464/devsync/backend/internal/handler/learning_resource.go:218.25,220.17 2 0
github.com/norman6464/devsync/backend/internal/handler/learning_resource.go:220.17,223.4 2 0
github.com/norman6464/devsync/backend/internal/handler/learning_resource.go:226.2,226.33 1 1
github.com/norman6464/devsync/backend/internal/handler/learning_resource.go:230.58,233.9 3 1
github.com/norman6464/devsync/backend/internal/handler/learning_resource.go:233.9,235.3 1 0
github.com/norman6464/devsync/backend/internal/handler/learning_resource.go:237.2,237.53 1 1
github.com/norman6464/devsync/backend/internal/handler/learning_resource.go:237.53,240.3 2 1
github.com/norman6464/devsync/backend/internal/handler/learning_resource.go:242.2,242.74 1 1
github.com/norman6464/devsync/backend/internal/handler/learning_resource.go:246.56,249.9 3 1
github.com/norman6464/devsync/backend/internal/handler/learning_resource.go:249.9,251.3 1 0
github.com/norman6464/devsync/backend/internal/handler/learning_resource.go:253.2,253.51 1 1
github.com/norman6464/devsync/backend/internal/handler/learning_resource.go:253.51,256.3 2 0
github.com/norman6464/devsync/backend/internal/handler/learning_resource.go:258.2,258.59 1 1
github.com/norman6464/devsync/backend/internal/handler/learning_resource.go:262.58,265.9 3 1
github.com/norman6464/devsync/backend/internal/handler/learning_resource.go:265.9,267.3 1 0
github.com/norman6464/devsync/backend/internal/handler/learning_resource.go:269.2,269.53 1 1
github.com/norman6464/devsync/backend/internal/handler/learning_resource.go:269.53,272.3 2 0
github.com/norman6464/devsync/backend/internal/handler/learning_resource.go:274.2,274.61 1 1
github.com/norman6464/devsync/backend/internal/handler/learning_resource.go:278.64,281.9 3 1
github.com/norman6464/devsync/backend/internal/handler/learning_resource.go:281.9,283.3 1 0
github.com/norman6464/devsync/backend/internal/handler/learning_resource.go:285.2,285.51 1 1
github.com/norman6464/devsync/backend/internal/handler/learning_resource.go:285.51,288.3 2 0
github.com/norman6464/devsync/backend/internal/handler/learning_resource.go:290.2,290.59 1 1
github.com/norman6464/devsync/backend/internal/handler/learning_resource.go:294.66,297.9 3 1
github.com/norman6464/devsync/backend/internal/handler/learning_resource.go:297.9,299.3 1 0
github.com/norman6464/devsync/backend/internal/handler/learning_resource.go:301.2,301.53 1 1
github.com/norman6464/devsync/backend/internal/handler/learning_resource.go:301.53,304.3 2 0
github.com/norman6464/devsync/backend/internal/handler/learning_resource.go:306.2,306.61 1 1
github.com/norman6464/devsync/backend/internal/handler/learning_resource.go:310.60,315.17 4 1
github.com/norman6464/devsync/backend/internal/handler/learning_resource.go:315.17,317.3 1 0
github.com/norman6464/devsync/backend/internal/handler/learning_resource.go:319.2,320.16 2 1
github.com/norman6464/devsync/backend/internal/handler/learning_resource.go:320.16,323.3 2 0
github.com/norman6464/devsync/backend/internal/handler/learning_resource.go:325.2,330.4 1 1
github.com/norman6464/devsync/backend/internal/handler/level.go:15.61,17.2 1 0
github.com/norman6464/devsync/backend/internal/handler/level.go:20.55,24.16 3 0
github.com/norman6464/devsync/backend/internal/handler/level.go:24.16,27.3 2 0
github.com/norman6464/devsync/backend/internal/handler/level.go:29.2,29.20 1 0
github.com/norman6464/devsync/backend/internal/handler/level.go:33.53,35.9 2 0
github.com/norman6464/devsync/backend/internal/handler/level.go:35.9,37.3 1 0
github.com/norman6464/devsync/backend/internal/handler/level.go:39.2,40.16 2 0
github.com/norman6464/devsync/backend/internal/handler/level.go:40.16,43.3 2 0
github.com/norman6464/devsync/backend/internal/handler/level.go:45.2,45.20 1 0
github.com/norman6464/devsync/backend/internal/handler/level.go:49.55,51.9 2 0
github.com/norman6464/devsync/backend/internal/handler/level.go:51.9,53.3 1 0
github.com/norman6464/devsync/backend/internal/handler/level.go:55.2,56.16 2 0
github.com/norman6464/devsync/backend/internal/handler/level.go:56.16,59.3 2 0
github.com/norman6464/devsync/backend/internal/handler/level.go:61.2,61.25 1 0
github.com/norman6464/devsync/backend/internal/handler/message.go:19.67,21.2 1 0
github.com/norman6464/devsync/backend/internal/handler/message.go:24.59,27.16 3 0
github.com/norman6464/devsync/backend/internal/handler/message.go:27.16,30.3 2 0
github.com/norman6464/devsync/backend/internal/handler/message.go:31.2,31.29 1 0
github.com/norman6464/devsync/backend/internal/handler/message.go:35.54,38.9 3 0
github.com/norman6464/devsync/backend/internal/handler/message.go:38.9,40.3 1 0
github.com/norman6464/devsync/backend/internal/handler/message.go:42.2,46.16 4 0
github.com/norman6464/devsync/backend/internal/handler/message.go:46.16,49.3 2 0
github.com/norman6464/devsync/backend/internal/handler/message.go:50.2,50.24 1 0
github.com/norman6464/devsync/backend/internal/handler/message.go:54.54,57.9 3 0
github.com/norman6464/devsync/backend/internal/handler/message.go:57.9,59.3 1 0
github.com/norman6464/devsync/backend/internal/handler/message.go:61.2,64.49 2 0
github.com/norman6464/devsync/backend/internal/handler/message.go:64.49,67.3 2 0
github.com/norman6464/devsync/backend/internal/handler/message.go:69.2,74.51 2 0
github.com/norman6464/devsync/backend/internal/handler/message.go:74.51,77.3 2 0
github.com/norman6464/devsync/backend/internal/handler/message.go:79.2,79.24 1 0
github.com/norman6464/devsync/backend/internal/handler/notification.go:15.82,17.2 1 0
github.com/norman6464/devsync/backend/internal/handler/notification.go:20.54,26.16 5 0
github.com/norman6464/devsync/backend/internal/handler/notification.go:26.16,29.3 2 0
github.com/norman6464/devsync/backend/internal/handler/notification.go:31.2,32.16 2 0
github.com/norman6464/devsync/backend/internal/handler/notification.go:32.16,35.3 2 0
github.com/norman6464/devsync/backend/internal/handler/notification.go:37.2,40.4 1 0
github.com/norman6464/devsync/backend/internal/handler/notification.go:44.62,48.16 3 0
github.com/norman6464/devsync/backend/internal/handler/notification.go:48.16,51.3 2 0
github.com/norman6464/devsync/backend/internal/handler/notification.go:52.2,52.37 1 0
github.com/norman6464/devsync/backend/internal/handler/notification.go:56.58,59.9 3 0
github.com/norman6464/devsync/backend/internal/handler/notification.go:59.9,61.3 1 0
github.com/norman6464/devsync/backend/internal/handler/notification.go:63.2,63.57 1 0
github.com/norman6464/devsync/backend/internal/handler/notification.go:63.57,66.3 2 0
github.com/norman6464/devsync/backend/internal/handler/notification.go:67.2,67.50 1 0
github.com/norman6464/devsync/backend/internal/handler/notification.go:71.61,74.56 2 0
github.com/norman6464/devsync/backend/internal/handler/notification.go:74.56,77.3 2 0
github.com/norman6464/devsync/backend/internal/handler/notification.go:78.2,78.54 1 0
github.com/norman6464/devsync/backend/internal/handler/notification.go:82.54,85.9 3 0
github.com/norman6464/devsync/backend/internal/handler/notification.go:85.9,87.3 1 0
github.com/norman6464/devsync/backend/internal/handler/notification.go:89.2,89.53 1 0
github.com/norman6464/devsync/backend/internal/handler/notification.go:89.53,92.3 2 0
github.com/norman6464/devsync/backend/internal/handler/notification.go:93.2,93.43 1 0
github.com/norman6464/devsync/backend/internal/handler/post.go:19.102,21.2 1 1
github.com/norman6464/devsync/backend/internal/handler/post.go:24.46,37.49 3 1
github.com/norman6464/devsync/backend/internal/handler/post.go:37.49,40.3 2 1
github.com/norman6464/devsync/backend/internal/handler/post.go:42.2,50.16 3 1
github.com/norman6464/devsync/backend/internal/handler/post.go:50.16,53.3 2 0
github.com/norman6464/devsync/backend/internal/handler/post.go:56.2,56.60 1 1
github.com/norman6464/devsync/backend/internal/handler/post.go:56.60,57.40 1 0
github.com/norman6464/devsync/backend/internal/handler/post.go:57.40,58.40 1 0
github.com/norman6464/devsync/backend/internal/handler/post.go:58.40,59.13 1 0
github.com/norman6464/devsync/backend/internal/handler/post.go:61.4,68.36 2 0
github.com/norman6464/devsync/backend/internal/handler/post.go:71.3,71.64 1 0
github.com/norman6464/devsync/backend/internal/handler/post.go:71.64,73.4 1 0
github.com/norman6464/devsync/backend/internal/handler/post.go:76.2,76.28 1 1
github.com/norman6464/devsync/backend/internal/handler/post.go:80.46,84.16 3 1
github.com/norman6464/devsync/backend/internal/handler/post.go:84.16,87.3 2 0
github.com/norman6464/devsync/backend/internal/handler/post.go:88.2,88.21 1 1
github.com/norman6464/devsync/backend/internal/handler/post.go:92.47,94.9 2 1
github.com/norman6464/devsync/backend/internal/handler/post.go:94.9,96.3 1 1
github.com/norman6464/devsync/backend/internal/handler/post.go:98.2,99.16 2 1
github.com/norman6464/devsync/backend/internal/handler/post.go:99.16,102.3 2 1
github.com/norman6464/devsync/backend/internal/handler/post.go:104.2,112.4 3 1
github.com/norman6464/devsync/backend/internal/handler/post.go:116.46,118.9 2 1
github.com/norman6464/devsync/backend/internal/handler/post.go:118.9,120.3 1 0
github.com/norman6464/devsync/backend/internal/handler/post.go:121.2,128.49 3 1
github.com/norman6464/devsync/backend/internal/handler/post.go:128.49,131.3 2 0
github.com/norman6464/devsync/backend/internal/handler/post.go:133.2,134.16 2 1
github.com/norman6464/devsync/backend/internal/handler/post.go:134.16,137.3 2 1
github.com/norman6464/devsync/backend/internal/handler/post.go:138.2,138.20 1 1
github.com/norman6464/devsync/backend/internal/handler/post.go:142.46,144.9 2 1
github.com/norman6464/devsync/backend/internal/handler/post.go:144.9,146.3 1 0
github.com/norman6464/devsync/backend/internal/handler/post.go:147.2,149.53 2 1
github.com/norman6464/devsync/backend/internal/handler/post.go:149.53,152.3 2 1
github.com/norman6464/devsync/backend/internal/handler/post.go:153.2,153.19 1 1
github.com/norman6464/devsync/backend/internal/handler/post.go:157.48,162.16 4 1
github.com/norman6464/devsync/backend/internal/handler/post.go:162.16,165.3 2 0
github.com/norman6464/devsync/backend/internal/handler/post.go:166.2,166.21 1 1
github.com/norman6464/devsync/backend/internal/handler/post.go:170.52,172.9 2 0
github.com/norman6464/devsync/backend/internal/handler/post.go:172.9,174.3 1 0
github.com/norman6464/devsync/backend/internal/handler/post.go:175.2,176.16 2 0
github.com/norman6464/devsync/backend/internal/handler/post.go:176.16,179.3 2 0
github.com/norman6464/devsync/backend/internal/handler/post.go:180.2,180.21 1 0
github.com/norman6464/devsync/backend/internal/handler/post.go:184.44,186.9 2 1
github.com/norman6464/devsync/backend/internal/handler/post.go:186.9,188.3 1 0
github.com/norman6464/devsync/backend/internal/handler/post.go:189.2,191.51 2 1
github.com/norman6464/devsync/backend/internal/handler/post.go:191.51,194.3 2 0
github.com/norman6464/devsync/backend/internal/handler/post.go:195.2,195.41 1 1
github.com/norman6464/devsync/backend/internal/handler/post.go:199.46,201.9 2 1
github.com/norman6464/devsync/backend/internal/handler/post.go:201.9,203.3 1 0
github.com/norman6464/devsync/backend/internal/handler/post.go:204.2,206.53 2 1
github.com/norman6464/devsync/backend/internal/handler/post.go:206.53,209.3 2 0
github.com/norman6464/devsync/backend/internal/handler/post.go:210.2,210.43 1 1
github.com/norman6464/devsync/backend/internal/handler/post.go:214.51,216.9 2 1
github.com/norman6464/devsync/backend/internal/handler/post.go:216.9,218.3 1 0
github.com/norman6464/devsync/backend/internal/handler/post.go:220.2,221.16 2 1
github.com/norman6464/devsync/backend/internal/handler/post.go:221.16,224.3 2 0
github.com/norman6464/devsync/backend/internal/handler/post.go:225.2,225.24 1 1
github.com/norman6464/devsync/backend/internal/handler/post.go:229.53,231.9 2 1
github.com/norman6464/devsync/backend/internal/handler/post.go:231.9,233.3 1 0
github.com/norman6464/devsync/backend/internal/handler/post.go:234.2,239.49 3 1
github.com/norman6464/devsync/backend/internal/handler/post.go:239.49,242.3 2 1
github.com/norman6464/devsync/backend/internal/handler/post.go:244.2,245.57 2 1
github.com/norman6464/devsync/backend/internal/handler/post.go:245.57,248.3 2 0
github.com/norman6464/devsync/backend/internal/handler/post.go:249.2,249.28 1 1
github.com/norman6464/devsync/backend/internal/handler/post.go:253.53,255.9 2 1
github.com/norman6464/devsync/backend/internal/handler/post.go:255.9,257.3 1 0
github.com/norman6464/devsync/backend/internal/handler/post.go:258.2,260.67 2 1
github.com/norman6464/devsync/backend/internal/handler/post.go:260.67,263.3 2 0
github.com/norman6464/devsync/backend/internal/handler/post.go:264.2,264.19 1 1
github.com/norman6464/devsync/backend/internal/handler/post.go:268.49,272.16 3 1
github.com/norman6464/devsync/backend/internal/handler/post.go:272.16,275.3 2 0
github.com/norman6464/devsync/backend/internal/handler/post.go:276.2,276.22 1 1
github.com/norman6464/devsync/backend/internal/handler/post.go:280.47,282.9 2 1
github.com/norman6464/devsync/backend/internal/handler/post.go:282.9,284.3 1 0
github.com/norman6464/devsync/backend/internal/handler/post.go:285.2,288.16 3 1
github.com/norman6464/devsync/backend/internal/handler/post.go:288.16,291.3 2 1
github.com/norman6464/devsync/backend/internal/handler/post.go:292.2,292.20 1 1
github.com/norman6464/devsync/backend/internal/handler/project.go:13.51,15.2 1 0
github.com/norman6464/devsync/backend/internal/handler/project.go:24.67,26.2 1 0
github.com/norman6464/devsync/backend/internal/handler/project.go:59.49,63.16 3 0
github.com/norman6464/devsync/backend/internal/handler/project.go:63.16,65.3 1 0
github.com/norman6464/devsync/backend/internal/handler/project.go:67.2,80.25 2 0
github.com/norman6464/devsync/backend/internal/handler/project.go:80.25,82.17 2 0
github.com/norman6464/devsync/backend/internal/handler/project.go:82.17,84.4 1 0
github.com/norman6464/devsync/backend/internal/handler/project.go:86.2,86.23 1 0
github.com/norman6464/devsync/backend/internal/handler/project.go:86.23,88.17 2 0
github.com/norman6464/devsync/backend/internal/handler/project.go:88.17,90.4 1 0
github.com/norman6464/devsync/backend/internal/handler/project.go:93.2,93.50 1 0
github.com/norman6464/devsync/backend/internal/handler/project.go:93.50,96.3 2 0
github.com/norman6464/devsync/backend/internal/handler/project.go:98.2,98.28 1 0
github.com/norman6464/devsync/backend/internal/handler/project.go:102.50,104.9 2 0
github.com/norman6464/devsync/backend/internal/handler/project.go:104.9,106.3 1 0
github.com/norman6464/devsync/backend/internal/handler/project.go:108.2,109.16 2 0
github.com/norman6464/devsync/backend/internal/handler/project.go:109.16,112.3 2 0
github.com/norman6464/devsync/backend/internal/handler/project.go:114.2,114.23 1 0
github.com/norman6464/devsync/backend/internal/handler/project.go:118.54,120.9 2 0
github.com/norman6464/devsync/backend/internal/handler/project.go:120.9,122.3 1 0
github.com/norman6464/devsync/backend/internal/handler/project.go:124.2,125.16 2 0
github.com/norman6464/devsync/backend/internal/handler/project.go:125.16,128.3 2 0
github.com/norman6464/devsync/backend/internal/handler/project.go:130.2,130.24 1 0
github.com/norman6464/devsync/backend/internal/handler/project.go:134.54,136.9 2 0
github.com/norman6464/devsync/backend/internal/handler/project.go:136.9,138.3 1 0
github.com/norman6464/devsync/backend/internal/handler/project.go:140.2,141.16 2 0
github.com/norman6464/devsync/backend/internal/handler/project.go:141.16,144.3 2 0
github.com/norman6464/devsync/backend/internal/handler/project.go:146.2,146.24 1 0
github.com/norman6464/devsync/backend/internal/handler/project.go:150.49,153.9 3 0
github.com/norman6464/devsync/backend/internal/handler/project.go:153.9,155.3 1 0
github.com/norman6464/devsync/backend/internal/handler/project.go:157.2,158.16 2 0
github.com/norman6464/devsync/backend/internal/handler/project.go:158.16,160.3 1 0
github.com/norman6464/devsync/backend/internal/handler/project.go:162.2,163.21 2 0
github.com/norman6464/devsync/backend/internal/handler/project.go:163.21,165.3 1 0
github.com/norman6464/devsync/backend/internal/handler/project.go:166.2,166.27 1 0
github.com/norman6464/devsync/backend/internal/handler/project.go:166.27,168.3 1 0
github.com/norman6464/devsync/backend/internal/handler/project.go:169.2,169.25 1 0
github.com/norman6464/devsync/backend/internal/handler/project.go:169.25,171.3 1 0
github.com/norman6464/devsync/backend/internal/handler/project.go:172.2,172.23 1 0
github.com/norman6464/devsync/backend/internal/handler/project.go:172.23,174.3 1 0
github.com/norman6464/devsync/backend/internal/handler/project.go:175.2,175.25 1 0
github.com/norman6464/devsync/backend/internal/handler/project.go:175.25,177.3 1 0
github.com/norman6464/devsync/backend/internal/handler/project.go:178.2,178.24 1 0
github.com/norman6464/devsync/backend/internal/handler/project.go:178.24,180.3 1 0
github.com/norman6464/devsync/backend/internal/handler/project.go:181.2,181.20 1 0
github.com/norman6464/devsync/backend/internal/handler/project.go:181.20,183.3 1 0
github.com/norman6464/devsync/backend/internal/handler/project.go:184.2,184.29 1 0
github.com/norman6464/devsync/backend/internal/handler/project.go:184.29,186.3 1 0
github.com/norman6464/devsync/backend/internal/handler/project.go:187.2,187.25 1 0
github.com/norman6464/devsync/backend/internal/handler/project.go:187.25,189.17 2 0
github.com/norman6464/devsync/backend/internal/handler/project.go:189.17,191.4 1 0
github.com/norman6464/devsync/backend/internal/handler/project.go:193.2,193.23 1 0
github.com/norman6464/devsync/backend/internal/handler/project.go:193.23,195.17 2 0
github.com/norman6464/devsync/backend/internal/handler/project.go:195.17,197.4 1 0
github.com/norman6464/devsync/backend/internal/handler/project.go:200.2,201.16 2 0
github.com/norman6464/devsync/backend/internal/handler/project.go:201.16,204.3 2 0
github.com/norman6464/devsync/backend/internal/handler/project.go:207.2,207.25 1 0
github.com/norman6464/devsync/backend/internal/handler/project.go:207.25,209.17 2 0
github.com/norman6464/devsync/backend/internal/handler/project.go:209.17,212.4 2 0
github.com/norman6464/devsync/backend/internal/handler/project.go:215.2,215.23 1 0
github.com/norman6464/devsync/backend/internal/handler/project.go:219.49,222.9 3 0
github.com/norman6464/devsync/backend/internal/handler/project.go:222.9,224.3 1 0
github.com/norman6464/devsync/backend/internal/handler/project.go:226.2,226.53 1 0
github.com/norman6464/devsync/backend/internal/handler/project.go:226.53,229.3 2 0
github.com/norman6464/devsync/backend/internal/handler/project.go:231.2,231.19 1 0
github.com/norman6464/devsync/backend/internal/handler/project.go:235.49,239.17 3 0
github.com/norman6464/devsync/backend/internal/handler/project.go:239.17,241.3 1 0
github.com/norman6464/devsync/backend/internal/handler/project.go:243.2,244.16 2 0
github.com/norman6464/devsync/backend/internal/handler/project.go:244.16,247.3 2 0
github.com/norman6464/devsync/backend/internal/handler/project.go:249.2,254.4 1 0
github.com/norman6464/devsync/backend/internal/handler/qiita.go:17.61,19.2 1 0
github.com/norman6464/devsync/backend/internal/handler/qiita.go:22.48,29.47 3 0
github.com/norman6464/devsync/backend/internal/handler/qiita.go:29.47,32.3 2 0
github.com/norman6464/devsync/backend/internal/handler/qiita.go:34.2,35.16 2 0
github.com/norman6464/devsync/backend/internal/handler/qiita.go:35.16,38.3 2 0
github.com/norman6464/devsync/backend/internal/handler/qiita.go:40.2,43.4 1 0
github.com/norman6464/devsync/backend/internal/handler/qiita.go:47.51,50.53 2 0
github.com/norman6464/devsync/backend/internal/handler/qiita.go:50.53,53.3 2 0
github.com/norman6464/devsync/backend/internal/handler/qiita.go:55.2,55.67 1 0
github.com/norman6464/devsync/backend/internal/handler/qiita.go:59.45,63.16 3 0
github.com/norman6464/devsync/backend/internal/handler/qiita.go:63.16,66.3 2 0
github.com/norman6464/devsync/backend/internal/handler/qiita.go:68.2,71.4 1 0
github.com/norman6464/devsync/backend/internal/handler/qiita.go:75.52,77.9 2 0
github.com/norman6464/devsync/backend/internal/handler/qiita.go:77.9,79.3 1 0
github.com/norman6464/devsync/backend/internal/handler/qiita.go:81.2,82.16 2 0
github.com/norman6464/devsync/backend/internal/handler/qiita.go:82.16,85.3 2 0
github.com/norman6464/devsync/backend/internal/handler/qiita.go:87.2,87.24 1 0
github.com/norman6464/devsync/backend/internal/handler/qiita.go:91.49,93.9 2 0
github.com/norman6464/devsync/backend/internal/handler/qiita.go:93.9,95.3 1 0
github.com/norman6464/devsync/backend/internal/handler/qiita.go:97.2,98.16 2 0
github.com/norman6464/devsync/backend/internal/handler/qiita.go:98.16,101.3 2 0
github.com/norman6464/devsync/backend/internal/handler/qiita.go:103.2,103.21 1 0
github.com/norman6464/devsync/backend/internal/handler/question.go:19.70,21.2 1 1
github.com/norman6464/devsync/backend/internal/handler/question.go:43.50,47.16 3 1
github.com/norman6464/devsync/backend/internal/handler/question.go:47.16,49.3 1 1
github.com/norman6464/devsync/backend/internal/handler/question.go:51.2,58.51 2 1
github.com/norman6464/devsync/backend/internal/handler/question.go:58.51,61.3 2 0
github.com/norman6464/devsync/backend/internal/handler/question.go:63.2,63.29 1 1
github.com/norman6464/devsync/backend/internal/handler/question.go:67.50,73.17 5 1
github.com/norman6464/devsync/backend/internal/handler/question.go:73.17,75.3 1 1
github.com/norman6464/devsync/backend/internal/handler/question.go:77.2,78.16 2 1
github.com/norman6464/devsync/backend/internal/handler/question.go:78.16,81.3 2 0
github.com/norman6464/devsync/backend/internal/handler/question.go:83.2,88.4 1 1
github.com/norman6464/devsync/backend/internal/handler/question.go:92.50,94.13 2 1
github.com/norman6464/devsync/backend/internal/handler/question.go:94.13,97.3 2 1
github.com/norman6464/devsync/backend/internal/handler/question.go:99.2,102.17 3 1
github.com/norman6464/devsync/backend/internal/handler/question.go:102.17,104.3 1 0
github.com/norman6464/devsync/backend/internal/handler/question.go:106.2,107.16 2 1
github.com/norman6464/devsync/backend/internal/handler/question.go:107.16,110.3 2 0
github.com/norman6464/devsync/backend/internal/handler/question.go:112.2,117.4 1 1
github.com/norman6464/devsync/backend/internal/handler/question.go:121.51,124.9 3 1
github.com/norman6464/devsync/backend/internal/handler/question.go:124.9,126.3 1 1
github.com/norman6464/devsync/backend/internal/handler/question.go:128.2,129.16 2 1
github.com/norman6464/devsync/backend/internal/handler/question.go:129.16,132.3 2 1
github.com/norman6464/devsync/backend/internal/handler/question.go:134.2,139.4 2 1
github.com/norman6464/devsync/backend/internal/handler/question.go:143.55,145.9 2 0
github.com/norman6464/devsync/backend/internal/handler/question.go:145.9,147.3 1 0
github.com/norman6464/devsync/backend/internal/handler/question.go:149.2,150.16 2 0
github.com/norman6464/devsync/backend/internal/handler/question.go:150.16,153.3 2 0
github.com/norman6464/devsync/backend/internal/handler/question.go:155.2,155.25 1 0
github.com/norman6464/devsync/backend/internal/handler/question.go:159.50,162.9 3 1
github.com/norman6464/devsync/backend/internal/handler/question.go:162.9,164.3 1 0
github.com/norman6464/devsync/backend/internal/handler/question.go:166.2,167.16 2 1
github.com/norman6464/devsync/backend/internal/handler/question.go:167.16,169.3 1 0
github.com/norman6464/devsync/backend/internal/handler/question.go:171.2,172.16 2 1
github.com/norman6464/devsync/backend/internal/handler/question.go:172.16,175.3 2 1
github.com/norman6464/devsync/backend/internal/handler/question.go:177.2,177.24 1 1
github.com/norman6464/devsync/backend/internal/handler/question.go:181.50,184.9 3 1
github.com/norman6464/devsync/backend/internal/handler/question.go:184.9,186.3 1 0
github.com/norman6464/devsync/backend/internal/handler/question.go:188.2,188.53 1 1
github.com/norman6464/devsync/backend/internal/handler/question.go:188.53,191.3 2 1
github.com/norman6464/devsync/backend/internal/handler/question.go:193.2,193.19 1 1
github.com/norman6464/devsync/backend/internal/handler/question.go:197.48,200.9 3 1
github.com/norman6464/devsync/backend/internal/handler/question.go:200.9,202.3 1 0
github.com/norman6464/devsync/backend/internal/handler/question.go:204.2,205.16 2 1
github.com/norman6464/devsync/backend/internal/handler/question.go:205.16,207.3 1 1
github.com/norman6464/devsync/backend/internal/handler/question.go:209.2,209.62 1 1
github.com/norman6464/devsync/backend/internal/handler/question.go:209.62,212.3 2 0
github.com/norman6464/devsync/backend/internal/handler/question.go:214.2,214.54 1 1
github.com/norman6464/devsync/backend/internal/handler/question.go:218.54,221.9 3 1
github.com/norman6464/devsync/backend/internal/handler/question.go:221.9,223.3 1 0
github.com/norman6464/devsync/backend/internal/handler/question.go:225.2,225.57 1 1
github.com/norman6464/devsync/backend/internal/handler/question.go:225.57,228.3 2 0
github.com/norman6464/devsync/backend/internal/handler/question.go:230.2,230.61 1 1
github.com/norman6464/devsync/backend/internal/handler/ranking.go:15.67,17.2 1 0
github.com/norman6464/devsync/backend/internal/handler/ranking.go:20.62,23.16 3 0
github.com/norman6464/devsync/backend/internal/handler/ranking.go:23.16,26.3 2 0
github.com/norman6464/devsync/backend/internal/handler/ranking.go:27.2,27.23 1 0
github.com/norman6464/devsync/backend/internal/handler/ranking.go:31.58,35.16 4 0
github.com/norman6464/devsync/backend/internal/handler/ranking.go:35.16,38.3 2 0
github.com/norman6464/devsync/backend/internal/handler/ranking.go:39.2,39.23 1 0
github.com/norman6464/devsync/backend/internal/handler/ranking.go:43.55,45.16 2 0
github.com/norman6464/devsync/backend/internal/handler/ranking.go:45.16,48.3 2 0
github.com/norman6464/devsync/backend/internal/handler/ranking.go:49.2,49.23 1 0
github.com/norman6464/devsync/backend/internal/handler/ranking.go:53.61,55.16 2 0
github.com/norman6464/devsync/backend/internal/handler/ranking.go:55.16,58.3 2 0
github.com/norman6464/devsync/backend/internal/handler/ranking.go:59.2,59.25 1 0
github.com/norman6464/devsync/backend/internal/handler/recommendation.go:14.94,16.2 1 1
github.com/norman6464/devsync/backend/internal/handler/recommendation.go:19.69,22.16 3 1
github.com/norman6464/devsync/backend/internal/handler/recommendation.go:22.16,25.3 2 1
github.com/norman6464/devsync/backend/internal/handler/recommendation.go:26.2,26.21 1 1
github.com/norman6464/devsync/backend/internal/handler/recommendation.go:30.66,32.16 2 1
github.com/norman6464/devsync/backend/internal/handler/recommendation.go:32.16,35.3 2 0
github.com/norman6464/devsync/backend/internal/handler/recommendation.go:36.2,36.21 1 1
github.com/norman6464/devsync/backend/internal/handler/recommendation.go:40.70,42.16 2 1
github.com/norman6464/devsync/backend/internal/handler/recommendation.go:42.16,45.3 2 0
github.com/norman6464/devsync/backend/internal/handler/recommendation.go:46.2,46.25 1 1
github.com/norman6464/devsync/backend/internal/handler/response_helpers.go:11.52,13.2 1 1
github.com/norman6464/devsync/backend/internal/handler/response_helpers.go:16.52,18.2 1 1
github.com/norman6464/devsync/backend/internal/handler/response_helpers.go:21.53,23.2 1 1
github.com/norman6464/devsync/backend/internal/handler/response_helpers.go:26.49,28.2 1 1
github.com/norman6464/devsync/backend/internal/handler/response_helpers.go:31.62,36.2 1 1
github.com/norman6464/devsync/backend/internal/handler/response_helpers.go:39.89,46.2 1 1
github.com/norman6464/devsync/backend/internal/handler/roadmap.go:19.67,21.2 1 1
github.com/norman6464/devsync/backend/internal/handler/roadmap.go:26.49,36.47 3 1
github.com/norman6464/devsync/backend/internal/handler/roadmap.go:36.47,39.3 2 1
github.com/norman6464/devsync/backend/internal/handler/roadmap.go:41.2,50.24 2 1
github.com/norman6464/devsync/backend/internal/handler/roadmap.go:50.24,52.3 1 1
github.com/norman6464/devsync/backend/internal/handler/roadmap.go:54.2,54.50 1 1
github.com/norman6464/devsync/backend/internal/handler/roadmap.go:54.50,57.3 2 0
github.com/norman6464/devsync/backend/internal/handler/roadmap.go:59.2,59.28 1 1
github.com/norman6464/devsync/backend/internal/handler/roadmap.go:63.56,67.16 3 1
github.com/norman6464/devsync/backend/internal/handler/roadmap.go:67.16,70.3 2 0
[...]
github.com/norman6464/devsync/backend/internal/handler/roadmap.go:357.2,357.78 1 1
github.com/norman6464/devsync/backend/internal/handler/roadmap.go:357.78,360.3 2 1
github.com/norman6464/devsync/backend/internal/handler/roadmap.go:362.2,362.51 1 1
github.com/norman6464/devsync/backend/internal/handler/search.go:27.109,32.2 1 0
github.com/norman6464/devsync/backend/internal/handler/search.go:35.53,37.17 2 1
github.com/norman6464/devsync/backend/internal/handler/search.go:37.17,40.3 2 1
github.com/norman6464/devsync/backend/internal/handler/search.go:42.2,46.16 4 1
github.com/norman6464/devsync/backend/internal/handler/search.go:46.16,49.3 2 0
github.com/norman6464/devsync/backend/internal/handler/search.go:51.2,51.23 1 1
github.com/norman6464/devsync/backend/internal/handler/search.go:55.55,57.17 2 1
github.com/norman6464/devsync/backend/internal/handler/search.go:57.17,60.3 2 1
github.com/norman6464/devsync/backend/internal/handler/search.go:62.2,66.16 4 1
github.com/norman6464/devsync/backend/internal/handler/search.go:66.16,69.3 2 0
github.com/norman6464/devsync/backend/internal/handler/search.go:71.2,71.23 1 1
github.com/norman6464/devsync/backend/internal/handler/study_circle.go:18.81,20.2 1 1
github.com/norman6464/devsync/backend/internal/handler/study_circle.go:23.53,31.47 2 1
github.com/norman6464/devsync/backend/internal/handler/study_circle.go:31.47,34.3 2 1
github.com/norman6464/devsync/backend/internal/handler/study_circle.go:36.2,45.64 3 1
github.com/norman6464/devsync/backend/internal/handler/study_circle.go:45.64,48.3 2 0
github.com/norman6464/devsync/backend/internal/handler/study_circle.go:49.2,49.27 1 1
github.com/norman6464/devsync/backend/internal/handler/study_circle.go:53.59,56.16 3 1
github.com/norman6464/devsync/backend/internal/handler/study_circle.go:56.16,59.3 2 0
github.com/norman6464/devsync/backend/internal/handler/study_circle.go:60.2,60.23 1 1
github.com/norman6464/devsync/backend/internal/handler/study_circle.go:64.54,66.9 2 1
github.com/norman6464/devsync/backend/internal/handler/study_circle.go:66.9,68.3 1 1
github.com/norman6464/devsync/backend/internal/handler/study_circle.go:69.2,71.16 3 1
github.com/norman6464/devsync/backend/internal/handler/study_circle.go:71.16,74.3 2 1
github.com/norman6464/devsync/backend/internal/handler/study_circle.go:75.2,75.22 1 1
github.com/norman6464/devsync/backend/internal/handler/study_circle.go:79.53,81.9 2 1
github.com/norman6464/devsync/backend/internal/handler/study_circle.go:81.9,83.3 1 0
github.com/norman6464/devsync/backend/internal/handler/study_circle.go:84.2,89.47 2 1
github.com/norman6464/devsync/backend/internal/handler/study_circle.go:89.47,92.3 2 0
github.com/norman6464/devsync/backend/internal/handler/study_circle.go:93.2,95.16 3 1
github.com/norman6464/devsync/backend/internal/handler/study_circle.go:95.16,98.3 2 1
github.com/norman6464/devsync/backend/internal/handler/study_circle.go:99.2,99.22 1 1
github.com/norman6464/devsync/backend/internal/handler/study_circle.go:103.53,105.9 2 1
github.com/norman6464/devsync/backend/internal/handler/study_circle.go:105.9,107.3 1 0
github.com/norman6464/devsync/backend/internal/handler/study_circle.go:108.2,109.53 2 1
github.com/norman6464/devsync/backend/internal/handler/study_circle.go:109.53,112.3 2 1
github.com/norman6464/devsync/backend/internal/handler/study_circle.go:113.2,113.19 1 1
github.com/norman6464/devsync/backend/internal/handler/study_circle.go:117.57,119.9 2 1
github.com/norman6464/devsync/backend/internal/handler/study_circle.go:119.9,121.3 1 0
github.com/norman6464/devsync/backend/internal/handler/study_circle.go:122.2,124.16 3 1
github.com/norman6464/devsync/backend/internal/handler/study_circle.go:124.16,127.3 2 1
github.com/norman6464/devsync/backend/internal/handler/study_circle.go:128.2,128.23 1 1
github.com/norman6464/devsync/backend/internal/handler/study_circle.go:132.56,134.9 2 1
github.com/norman6464/devsync/backend/internal/handler/study_circle.go:134.9,136.3 1 0
github.com/norman6464/devsync/backend/internal/handler/study_circle.go:137.2,140.47 2 1
github.com/norman6464/devsync/backend/internal/handler/study_circle.go:140.47,143.3 2 0
github.com/norman6464/devsync/backend/internal/handler/study_circle.go:144.2,145.68 2 1
github.com/norman6464/devsync/backend/internal/handler/study_circle.go:145.68,148.3 2 1
github.com/norman6464/devsync/backend/internal/handler/study_circle.go:149.2,149.48 1 1
github.com/norman6464/devsync/backend/internal/handler/study_circle.go:153.59,155.9 2 1
github.com/norman6464/devsync/backend/internal/handler/study_circle.go:155.9,157.3 1 0
github.com/norman6464/devsync/backend/internal/handler/study_circle.go:158.2,159.9 2 1
github.com/norman6464/devsync/backend/internal/handler/study_circle.go:159.9,161.3 1 0
github.com/norman6464/devsync/backend/internal/handler/study_circle.go:162.2,163.69 2 1
github.com/norman6464/devsync/backend/internal/handler/study_circle.go:163.69,166.3 2 1
github.com/norman6464/devsync/backend/internal/handler/study_circle.go:167.2,167.50 1 1
github.com/norman6464/devsync/backend/internal/handler/study_circle.go:171.57,173.9 2 1
github.com/norman6464/devsync/backend/internal/handler/study_circle.go:173.9,175.3 1 0
github.com/norman6464/devsync/backend/internal/handler/study_circle.go:176.2,182.47 2 1
github.com/norman6464/devsync/backend/internal/handler/study_circle.go:182.47,185.3 2 0
github.com/norman6464/devsync/backend/internal/handler/study_circle.go:186.2,194.63 3 1
github.com/norman6464/devsync/backend/internal/handler/study_circle.go:194.63,197.3 2 1
github.com/norman6464/devsync/backend/internal/handler/study_circle.go:198.2,198.25 1 1
github.com/norman6464/devsync/backend/internal/handler/study_circle.go:202.57,204.9 2 0
github.com/norman6464/devsync/backend/internal/handler/study_circle.go:204.9,206.3 1 0
github.com/norman6464/devsync/backend/internal/handler/study_circle.go:207.2,208.9 2 0
github.com/norman6464/devsync/backend/internal/handler/study_circle.go:208.9,210.3 1 0
github.com/norman6464/devsync/backend/internal/handler/study_circle.go:211.2,215.47 2 0
github.com/norman6464/devsync/backend/internal/handler/study_circle.go:215.47,218.3 2 0
github.com/norman6464/devsync/backend/internal/handler/study_circle.go:219.2,221.16 3 0
github.com/norman6464/devsync/backend/internal/handler/study_circle.go:221.16,224.3 2 0
github.com/norman6464/devsync/backend/internal/handler/study_circle.go:225.2,225.20 1 0
github.com/norman6464/devsync/backend/internal/handler/study_circle.go:229.57,231.9 2 0
github.com/norman6464/devsync/backend/internal/handler/study_circle.go:231.9,233.3 1 0
github.com/norman6464/devsync/backend/internal/handler/study_circle.go:234.2,235.9 2 0
github.com/norman6464/devsync/backend/internal/handler/study_circle.go:235.9,237.3 1 0
github.com/norman6464/devsync/backend/internal/handler/study_circle.go:238.2,239.65 2 0
github.com/norman6464/devsync/backend/internal/handler/study_circle.go:239.65,242.3 2 0
github.com/norman6464/devsync/backend/internal/handler/study_circle.go:243.2,243.19 1 0
github.com/norman6464/devsync/backend/internal/handler/study_circle.go:247.59,249.9 2 1
github.com/norman6464/devsync/backend/internal/handler/study_circle.go:249.9,251.3 1 0
github.com/norman6464/devsync/backend/internal/handler/study_circle.go:252.2,255.47 2 1
github.com/norman6464/devsync/backend/internal/handler/study_circle.go:255.47,258.3 2 0
github.com/norman6464/devsync/backend/internal/handler/study_circle.go:259.2,260.71 2 1
github.com/norman6464/devsync/backend/internal/handler/study_circle.go:260.71,263.3 2 0
github.com/norman6464/devsync/backend/internal/handler/study_circle.go:264.2,264.45 1 1
github.com/norman6464/devsync/backend/internal/handler/study_circle.go:268.61,270.9 2 1
github.com/norman6464/devsync/backend/internal/handler/study_circle.go:270.9,272.3 1 0
github.com/norman6464/devsync/backend/internal/handler/study_circle.go:273.2,274.9 2 1
github.com/norman6464/devsync/backend/internal/handler/study_circle.go:274.9,276.3 1 0
github.com/norman6464/devsync/backend/internal/handler/study_circle.go:277.2,280.47 2 1
github.com/norman6464/devsync/backend/internal/handler/study_circle.go:280.47,283.3 2 0
github.com/norman6464/devsync/backend/internal/handler/study_circle.go:284.2,285.86 2 1
github.com/norman6464/devsync/backend/internal/handler/study_circle.go:285.86,288.3 2 1
github.com/norman6464/devsync/backend/internal/handler/study_circle.go:289.2,289.52 1 1
github.com/norman6464/devsync/backend/internal/handler/study_circle.go:293.58,295.9 2 0
github.com/norman6464/devsync/backend/internal/handler/study_circle.go:295.9,297.3 1 0
github.com/norman6464/devsync/backend/internal/handler/study_circle.go:298.2,300.16 3 0
github.com/norman6464/devsync/backend/internal/handler/study_circle.go:300.16,303.3 2 0
github.com/norman6464/devsync/backend/internal/handler/study_circle.go:304.2,304.24 1 0
github.com/norman6464/devsync/backend/internal/handler/study_circle.go:308.60,310.9 2 1
github.com/norman6464/devsync/backend/internal/handler/study_circle.go:310.9,312.3 1 0
github.com/norman6464/devsync/backend/internal/handler/study_circle.go:313.2,316.47 2 1
github.com/norman6464/devsync/backend/internal/handler/study_circle.go:316.47,319.3 2 0
github.com/norman6464/devsync/backend/internal/handler/study_circle.go:320.2,322.16 3 1
github.com/norman6464/devsync/backend/internal/handler/study_circle.go:322.16,325.3 2 1
github.com/norman6464/devsync/backend/internal/handler/study_circle.go:326.2,326.28 1 1
github.com/norman6464/devsync/backend/internal/handler/study_circle.go:330.58,332.9 2 1
github.com/norman6464/devsync/backend/internal/handler/study_circle.go:332.9,334.3 1 0
github.com/norman6464/devsync/backend/internal/handler/study_circle.go:335.2,337.16 3 1
github.com/norman6464/devsync/backend/internal/handler/study_circle.go:337.16,340.3 2 0
github.com/norman6464/devsync/backend/internal/handler/study_circle.go:341.2,341.24 1 1
github.com/norman6464/devsync/backend/internal/handler/study_circle.go:345.63,347.9 2 1
github.com/norman6464/devsync/backend/internal/handler/study_circle.go:347.9,349.3 1 0
github.com/norman6464/devsync/backend/internal/handler/study_circle.go:350.2,352.16 3 1
github.com/norman6464/devsync/backend/internal/handler/study_circle.go:352.16,355.3 2 0
github.com/norman6464/devsync/backend/internal/handler/study_circle.go:356.2,356.23 1 1
github.com/norman6464/devsync/backend/internal/handler/upload.go:26.57,29.33 3 0
github.com/norman6464/devsync/backend/internal/handler/upload.go:29.33,31.3 1 0
github.com/norman6464/devsync/backend/internal/handler/upload.go:33.2,33.54 1 0
github.com/norman6464/devsync/backend/internal/handler/upload.go:33.54,35.3 1 0
github.com/norman6464/devsync/backend/internal/handler/upload.go:36.2,36.45 1 0
github.com/norman6464/devsync/backend/internal/handler/upload.go:47.40,49.21 2 0
github.com/norman6464/devsync/backend/internal/handler/upload.go:49.21,51.3 1 0
github.com/norman6464/devsync/backend/internal/handler/upload.go:54.2,54.53 1 0
github.com/norman6464/devsync/backend/internal/handler/upload.go:54.53,55.67 1 0
github.com/norman6464/devsync/backend/internal/handler/upload.go:58.2,58.45 1 0
github.com/norman6464/devsync/backend/internal/handler/upload.go:63.53,65.16 2 0
github.com/norman6464/devsync/backend/internal/handler/upload.go:65.16,68.3 2 0
github.com/norman6464/devsync/backend/internal/handler/upload.go:71.2,71.29 1 0
github.com/norman6464/devsync/backend/internal/handler/upload.go:71.29,74.3 2 0
github.com/norman6464/devsync/backend/internal/handler/upload.go:77.2,85.23 3 0
github.com/norman6464/devsync/backend/internal/handler/upload.go:85.23,88.3 2 0
github.com/norman6464/devsync/backend/internal/handler/upload.go:91.2,92.16 2 0
github.com/norman6464/devsync/backend/internal/handler/upload.go:92.16,95.3 2 0
github.com/norman6464/devsync/backend/internal/handler/upload.go:96.2,99.16 3 0
github.com/norman6464/devsync/backend/internal/handler/upload.go:99.16,102.3 2 0
github.com/norman6464/devsync/backend/internal/handler/upload.go:103.2,103.33 1 0
github.com/norman6464/devsync/backend/internal/handler/upload.go:103.33,106.3 2 0
github.com/norman6464/devsync/backend/internal/handler/upload.go:109.2,114.51 4 0
github.com/norman6464/devsync/backend/internal/handler/upload.go:114.51,117.3 2 0
github.com/norman6464/devsync/backend/internal/handler/upload.go:120.2,121.59 2 0
github.com/norman6464/devsync/backend/internal/handler/upload.go:121.59,124.3 2 0
github.com/norman6464/devsync/backend/internal/handler/upload.go:127.2,131.4 2 0
github.com/norman6464/devsync/backend/internal/handler/upload.go:136.62,138.16 2 0
github.com/norman6464/devsync/backend/internal/handler/upload.go:138.16,141.3 2 0
github.com/norman6464/devsync/backend/internal/handler/upload.go:143.2,144.21 2 0
github.com/norman6464/devsync/backend/internal/handler/upload.go:144.21,147.3 2 0
github.com/norman6464/devsync/backend/internal/handler/upload.go:149.2,149.21 1 0
github.com/norman6464/devsync/backend/internal/handler/upload.go:149.21,152.3 2 0
github.com/norman6464/devsync/backend/internal/handler/upload.go:154.2,165.51 5 0
github.com/norman6464/devsync/backend/internal/handler/upload.go:165.51,168.3 2 0
github.com/norman6464/devsync/backend/internal/handler/upload.go:170.2,170.29 1 0
github.com/norman6464/devsync/backend/internal/handler/upload.go:170.29,172.30 1 0
github.com/norman6464/devsync/backend/internal/handler/upload.go:172.30,175.4 2 0
github.com/norman6464/devsync/backend/internal/handler/upload.go:178.3,179.24 2 0
github.com/norman6464/devsync/backend/internal/handler/upload.go:179.24,182.4 2 0
github.com/norman6464/devsync/backend/internal/handler/upload.go:185.3,186.17 2 0
github.com/norman6464/devsync/backend/internal/handler/upload.go:186.17,189.4 2 0
github.com/norman6464/devsync/backend/internal/handler/upload.go:190.3,192.17 3 0
github.com/norman6464/devsync/backend/internal/handler/upload.go:192.17,195.4 2 0
github.com/norman6464/devsync/backend/internal/handler/upload.go:196.3,196.34 1 0
github.com/norman6464/devsync/backend/internal/handler/upload.go:196.34,199.4 2 0
github.com/norman6464/devsync/backend/internal/handler/upload.go:202.3,205.60 3 0
github.com/norman6464/devsync/backend/internal/handler/upload.go:205.60,208.4 2 0
github.com/norman6464/devsync/backend/internal/handler/upload.go:210.3,210.72 1 0
github.com/norman6464/devsync/backend/internal/handler/upload.go:213.2,213.44 1 0
github.com/norman6464/devsync/backend/internal/handler/user.go:17.58,19.2 1 0
github.com/norman6464/devsync/backend/internal/handler/user.go:22.46,25.16 3 0
github.com/norman6464/devsync/backend/internal/handler/user.go:25.16,28.3 2 0
github.com/norman6464/devsync/backend/internal/handler/user.go:29.2,29.21 1 0
github.com/norman6464/devsync/backend/internal/handler/user.go:33.47,35.9 2 0
github.com/norman6464/devsync/backend/internal/handler/user.go:35.9,37.3 1 0
github.com/norman6464/devsync/backend/internal/handler/user.go:39.2,40.16 2 0
github.com/norman6464/devsync/backend/internal/handler/user.go:40.16,43.3 2 0
github.com/norman6464/devsync/backend/internal/handler/user.go:44.2,44.20 1 0
github.com/norman6464/devsync/backend/internal/handler/user.go:49.46,51.9 2 0
github.com/norman6464/devsync/backend/internal/handler/user.go:51.9,53.3 1 0
github.com/norman6464/devsync/backend/internal/handler/user.go:55.2,56.18 2 0
github.com/norman6464/devsync/backend/internal/handler/user.go:56.18,59.3 2 0
github.com/norman6464/devsync/backend/internal/handler/user.go:61.2,62.16 2 0
github.com/norman6464/devsync/backend/internal/handler/user.go:62.16,65.3 2 0
github.com/norman6464/devsync/backend/internal/handler/user.go:67.2,77.49 2 0
github.com/norman6464/devsync/backend/internal/handler/user.go:77.49,80.3 2 0
github.com/norman6464/devsync/backend/internal/handler/user.go:82.2,82.22 1 0
github.com/norman6464/devsync/backend/internal/handler/user.go:82.22,84.3 1 0
github.com/norman6464/devsync/backend/internal/handler/user.go:85.2,87.34 3 0
github.com/norman6464/devsync/backend/internal/handler/user.go:87.34,89.3 1 0
github.com/norman6464/devsync/backend/internal/handler/user.go:90.2,90.35 1 0
github.com/norman6464/devsync/backend/internal/handler/user.go:90.35,92.3 1 0
github.com/norman6464/devsync/backend/internal/handler/user.go:93.2,93.34 1 0
github.com/norman6464/devsync/backend/internal/handler/user.go:93.34,95.3 1 0
github.com/norman6464/devsync/backend/internal/handler/user.go:96.2,96.28 1 0
github.com/norman6464/devsync/backend/internal/handler/user.go:96.28,98.3 1 0
github.com/norman6464/devsync/backend/internal/handler/user.go:99.2,99.38 1 0
github.com/norman6464/devsync/backend/internal/handler/user.go:99.38,101.3 1 0
github.com/norman6464/devsync/backend/internal/handler/user.go:103.2,103.51 1 0
github.com/norman6464/devsync/backend/internal/handler/user.go:103.51,106.3 2 0
github.com/norman6464/devsync/backend/internal/handler/user.go:107.2,107.24 1 0
github.com/norman6464/devsync/backend/internal/handler/websocket.go:23.121,25.35 2 0
github.com/norman6464/devsync/backend/internal/handler/websocket.go:25.35,27.3 1 0
github.com/norman6464/devsync/backend/internal/handler/websocket.go:28.2,36.10 3 0
github.com/norman6464/devsync/backend/internal/handler/websocket.go:41.62,43.18 2 0
github.com/norman6464/devsync/backend/internal/handler/websocket.go:43.18,45.3 1 0
github.com/norman6464/devsync/backend/internal/handler/websocket.go:47.2,48.16 2 0
github.com/norman6464/devsync/backend/internal/handler/websocket.go:48.16,50.3 1 0
github.com/norman6464/devsync/backend/internal/handler/websocket.go:51.2,52.37 2 0
github.com/norman6464/devsync/backend/internal/handler/websocket.go:57.60,60.31 2 0
github.com/norman6464/devsync/backend/internal/handler/websocket.go:60.31,63.3 2 0
github.com/norman6464/devsync/backend/internal/handler/websocket.go:66.2,67.16 2 0
github.com/norman6464/devsync/backend/internal/handler/websocket.go:67.16,70.3 2 0
github.com/norman6464/devsync/backend/internal/handler/websocket.go:73.2,74.16 2 0
github.com/norman6464/devsync/backend/internal/handler/websocket.go:74.16,76.3 1 0
github.com/norman6464/devsync/backend/internal/handler/websocket.go:79.2,90.22 4 0
github.com/norman6464/devsync/backend/internal/handler/zenn.go:17.58,19.2 1 0
github.com/norman6464/devsync/backend/internal/handler/zenn.go:22.47,29.47 3 0
github.com/norman6464/devsync/backend/internal/handler/zenn.go:29.47,32.3 2 0
github.com/norman6464/devsync/backend/internal/handler/zenn.go:34.2,35.16 2 0
github.com/norman6464/devsync/backend/internal/handler/zenn.go:35.16,38.3 2 0
github.com/norman6464/devsync/backend/internal/handler/zenn.go:40.2,43.4 1 0
github.com/norman6464/devsync/backend/internal/handler/zenn.go:47.50,50.53 2 0
github.com/norman6464/devsync/backend/internal/handler/zenn.go:50.53,53.3 2 0
github.com/norman6464/devsync/backend/internal/handler/zenn.go:55.2,55.66 1 0
github.com/norman6464/devsync/backend/internal/handler/zenn.go:59.44,63.16 3 0
github.com/norman6464/devsync/backend/internal/handler/zenn.go:63.16,66.3 2 0
github.com/norman6464/devsync/backend/internal/handler/zenn.go:68.2,71.4 1 0
github.com/norman6464/devsync/backend/internal/handler/zenn.go:75.51,77.9 2 0
github.com/norman6464/devsync/backend/internal/handler/zenn.go:77.9,79.3 1 0
github.com/norman6464/devsync/backend/internal/handler/zenn.go:81.2,82.16 2 0
github.com/norman6464/devsync/backend/internal/handler/zenn.go:82.16,85.3 2 0
github.com/norman6464/devsync/backend/internal/handler/zenn.go:87.2,87.24 1 0
github.com/norman6464/devsync/backend/internal/handler/zenn.go:91.48,93.9 2 0
github.com/norman6464/devsync/backend/internal/handler/zenn.go:93.9,95.3 1 0
github.com/norman6464/devsync/backend/internal/handler/zenn.go:97.2,98.16 2 0
github.com/norman6464/devsync/backend/internal/handler/zenn.go:98.16,101.3 2 0
github.com/norman6464/devsync/backend/internal/handler/zenn.go:103.2,103.21 1 0
